Using pre-set license
Built from '2020.3/staging' branch; Version is '2020.3.20f1 (41c4e627c95f) revision 4310246'; Using compiler version '192528614'; Build Type 'Release'
OS: 'Windows 10 Pro; OS build 22000.348; Version 2009; 64bit' Language: 'pt' Physical Memory: 16317 MB
BatchMode: 1, IsHumanControllingUs: 0, StartBugReporterOnCrash: 0, Is64bit: 1, IsPro: 0

COMMAND LINE ARGUMENTS:
C:\Program Files\Unity\Hub\Editor\2020.3.20f1\Editor\Unity.exe
-adb2
-batchMode
-noUpm
-name
AssetImportWorker0
-projectPath
D:/Facul/GitHub/Instable Novo/Instable
-logFile
Logs/AssetImportWorker0.log
-srvPort
<<<<<<< Updated upstream
56197
Successfully changed project path to: D:/Facul/GitHub/Instable Novo/Instable
D:/Facul/GitHub/Instable Novo/Instable
Using Asset Import Pipeline V2.
Refreshing native plugins compatible for Editor in 66.11 ms, found 2 plugins.
=======
60995
Successfully changed project path to: C:/Users/Usuário/Downloads/Instable-main/Instable
C:/Users/Usuário/Downloads/Instable-main/Instable
Using Asset Import Pipeline V2.
Refreshing native plugins compatible for Editor in 548.47 ms, found 2 plugins.
>>>>>>> Stashed changes
Preloading 0 native plugins for Editor in 0.00 ms.
Initialize engine version: 2020.3.20f1 (41c4e627c95f)
[Subsystems] Discovering subsystems at path C:/Program Files/Unity/Hub/Editor/2020.3.20f1/Editor/Data/Resources/UnitySubsystems
[Subsystems] Discovering subsystems at path D:/Facul/GitHub/Instable Novo/Instable/Assets
GfxDevice: creating device client; threaded=0
Direct3D:
    Version:  Direct3D 11.0 [level 11.1]
    Renderer: NVIDIA GeForce GTX 1650 (ID=0x1f0a)
    Vendor:   
    VRAM:     3961 MB
    Driver:   30.0.14.9709
Initialize mono
<<<<<<< Updated upstream
Mono path[0] = 'C:/Program Files/Unity/Hub/Editor/2020.3.20f1/Editor/Data/Managed'
Mono path[1] = 'C:/Program Files/Unity/Hub/Editor/2020.3.20f1/Editor/Data/MonoBleedingEdge/lib/mono/unityjit'
Mono config path = 'C:/Program Files/Unity/Hub/Editor/2020.3.20f1/Editor/Data/MonoBleedingEdge/etc'
Using monoOptions --debugger-agent=transport=dt_socket,embedding=1,server=y,suspend=n,address=127.0.0.1:56084
Begin MonoManager ReloadAssembly
Registering precompiled unity dll's ...
Register platform support module: C:/Program Files/Unity/Hub/Editor/2020.3.20f1/Editor/Data/PlaybackEngines/WindowsStandaloneSupport/UnityEditor.WindowsStandalone.Extensions.dll
Registered in 0.001481 seconds.
Native extension for WindowsStandalone target not found
Refreshing native plugins compatible for Editor in 62.30 ms, found 2 plugins.
Preloading 0 native plugins for Editor in 0.00 ms.
Mono: successfully reloaded assembly
- Completed reload, in  1.073 seconds
Domain Reload Profiling:
	ReloadAssembly (1073ms)
		BeginReloadAssembly (49ms)
=======
Mono path[0] = 'E:/Program Files/2020.3.22f1/Editor/Data/Managed'
Mono path[1] = 'E:/Program Files/2020.3.22f1/Editor/Data/MonoBleedingEdge/lib/mono/unityjit'
Mono config path = 'E:/Program Files/2020.3.22f1/Editor/Data/MonoBleedingEdge/etc'
Using monoOptions --debugger-agent=transport=dt_socket,embedding=1,server=y,suspend=n,address=127.0.0.1:56308
Begin MonoManager ReloadAssembly
Registering precompiled unity dll's ...
Register platform support module: E:/Program Files/2020.3.22f1/Editor/Data/PlaybackEngines/WindowsStandaloneSupport/UnityEditor.WindowsStandalone.Extensions.dll
Registered in 0.003818 seconds.
Native extension for WindowsStandalone target not found
Refreshing native plugins compatible for Editor in 135.88 ms, found 2 plugins.
Preloading 0 native plugins for Editor in 0.00 ms.
Mono: successfully reloaded assembly
- Completed reload, in 17.294 seconds
Domain Reload Profiling:
	ReloadAssembly (17295ms)
		BeginReloadAssembly (178ms)
>>>>>>> Stashed changes
			ExecutionOrderSort (0ms)
			DisableScriptedObjects (0ms)
			BackupInstance (0ms)
			ReleaseScriptingObjects (0ms)
<<<<<<< Updated upstream
			CreateAndSetChildDomain (1ms)
		EndReloadAssembly (432ms)
			LoadAssemblies (47ms)
			RebuildTransferFunctionScriptingTraits (0ms)
			SetupTypeCache (148ms)
			ReleaseScriptCaches (0ms)
			RebuildScriptCaches (30ms)
			SetupLoadedEditorAssemblies (186ms)
				LogAssemblyErrors (0ms)
				InitializePlatformSupportModulesInManaged (3ms)
				SetLoadedEditorAssemblies (0ms)
				RefreshPlugins (62ms)
				BeforeProcessingInitializeOnLoad (14ms)
				ProcessInitializeOnLoadAttributes (79ms)
				ProcessInitializeOnLoadMethodAttributes (27ms)
=======
			CreateAndSetChildDomain (6ms)
		EndReloadAssembly (1001ms)
			LoadAssemblies (171ms)
			RebuildTransferFunctionScriptingTraits (0ms)
			SetupTypeCache (368ms)
			ReleaseScriptCaches (0ms)
			RebuildScriptCaches (61ms)
			SetupLoadedEditorAssemblies (387ms)
				LogAssemblyErrors (0ms)
				InitializePlatformSupportModulesInManaged (6ms)
				SetLoadedEditorAssemblies (0ms)
				RefreshPlugins (136ms)
				BeforeProcessingInitializeOnLoad (27ms)
				ProcessInitializeOnLoadAttributes (165ms)
				ProcessInitializeOnLoadMethodAttributes (53ms)
>>>>>>> Stashed changes
				AfterProcessingInitializeOnLoad (0ms)
				EditorAssembliesLoaded (0ms)
			ExecutionOrderSort2 (0ms)
			AwakeInstancesAfterBackupRestoration (0ms)
Platform modules already initialized, skipping
Registering precompiled user dll's ...
<<<<<<< Updated upstream
Registered in 0.004563 seconds.
Begin MonoManager ReloadAssembly
Native extension for WindowsStandalone target not found
Refreshing native plugins compatible for Editor in 0.67 ms, found 2 plugins.
Preloading 0 native plugins for Editor in 0.00 ms.
Mono: successfully reloaded assembly
- Completed reload, in  1.144 seconds
Domain Reload Profiling:
	ReloadAssembly (1145ms)
		BeginReloadAssembly (140ms)
=======
Registered in 0.035789 seconds.
Begin MonoManager ReloadAssembly
Native extension for WindowsStandalone target not found
Refreshing native plugins compatible for Editor in 1.28 ms, found 2 plugins.
Preloading 0 native plugins for Editor in 0.00 ms.
Mono: successfully reloaded assembly
- Completed reload, in  2.571 seconds
Domain Reload Profiling:
	ReloadAssembly (2573ms)
		BeginReloadAssembly (413ms)
>>>>>>> Stashed changes
			ExecutionOrderSort (0ms)
			DisableScriptedObjects (4ms)
			BackupInstance (0ms)
			ReleaseScriptingObjects (0ms)
<<<<<<< Updated upstream
			CreateAndSetChildDomain (18ms)
		EndReloadAssembly (946ms)
			LoadAssemblies (89ms)
			RebuildTransferFunctionScriptingTraits (0ms)
			SetupTypeCache (290ms)
			ReleaseScriptCaches (0ms)
			RebuildScriptCaches (53ms)
			SetupLoadedEditorAssemblies (417ms)
				LogAssemblyErrors (0ms)
				InitializePlatformSupportModulesInManaged (5ms)
				SetLoadedEditorAssemblies (0ms)
				RefreshPlugins (1ms)
				BeforeProcessingInitializeOnLoad (90ms)
				ProcessInitializeOnLoadAttributes (308ms)
				ProcessInitializeOnLoadMethodAttributes (8ms)
				AfterProcessingInitializeOnLoad (5ms)
				EditorAssembliesLoaded (0ms)
			ExecutionOrderSort2 (0ms)
			AwakeInstancesAfterBackupRestoration (7ms)
=======
			CreateAndSetChildDomain (43ms)
		EndReloadAssembly (2027ms)
			LoadAssemblies (257ms)
			RebuildTransferFunctionScriptingTraits (0ms)
			SetupTypeCache (695ms)
			ReleaseScriptCaches (1ms)
			RebuildScriptCaches (109ms)
			SetupLoadedEditorAssemblies (816ms)
				LogAssemblyErrors (0ms)
				InitializePlatformSupportModulesInManaged (11ms)
				SetLoadedEditorAssemblies (1ms)
				RefreshPlugins (1ms)
				BeforeProcessingInitializeOnLoad (181ms)
				ProcessInitializeOnLoadAttributes (601ms)
				ProcessInitializeOnLoadMethodAttributes (14ms)
				AfterProcessingInitializeOnLoad (5ms)
				EditorAssembliesLoaded (1ms)
			ExecutionOrderSort2 (0ms)
			AwakeInstancesAfterBackupRestoration (12ms)
Platform modules already initialized, skipping
========================================================================
Worker process is ready to serve import requests
Launched and connected shader compiler UnityShaderCompiler.exe after 0.66 seconds
Refreshing native plugins compatible for Editor in 2.51 ms, found 2 plugins.
Preloading 0 native plugins for Editor in 0.00 ms.
Unloading 2362 Unused Serialized files (Serialized files now loaded: 0)
System memory in use before: 115.5 MB.
System memory in use after: 115.6 MB.

Unloading 87 unused Assets to reduce memory usage. Loaded Objects now: 2800.
Total: 12.300300 ms (FindLiveObjects: 0.785800 ms CreateObjectMapping: 0.213300 ms MarkObjects: 10.772800 ms  DeleteObjects: 0.525600 ms)

AssetImportParameters requested are different than current active one (requested -> active):
  custom:framework-win-MediaFoundation: 216162199b28c13a410421893ffa2e32 -> 
  custom:video-decoder-ogg-theora: a1e56fd34408186e4bbccfd4996cb3dc -> 
  custom:container-muxer-webm: aa71ff27fc2769a1b78a27578f13a17b -> 
  custom:container-demuxer-webm: 4f35f7cbe854078d1ac9338744f61a02 -> 
  custom:container-demuxer-ogg: 62fdf1f143b41e24485cea50d1cbac27 -> 
  custom:video-encoder-webm-vp8: eb34c28f22e8b96e1ab97ce403110664 -> 
  custom:video-decoder-webm-vp8: 9c59270c3fd7afecdb556c50c9e8de78 -> 
  custom:audio-decoder-ogg-vorbis: bf7c407c2cedff20999df2af8eb42d56 -> 
  custom:audio-encoder-webm-vorbis: bf7c407c2cedff20999df2af8eb42d56 -> 
========================================================================
Received Import Request.
  path: Assets/Scripts/Fica ai.cs
  artifactKey: Guid(75491798925bcdc40a606df676e1471e) Importer(815301076,1909f56bfc062723c751e8b465ee728b)
Start importing Assets/Scripts/Fica ai.cs using Guid(75491798925bcdc40a606df676e1471e) Importer(815301076,1909f56bfc062723c751e8b465ee728b)  -> (artifact id: '00000000000000000000000000000000') in 0.085945 seconds  code(4) message(Build asset version error: assets/scripts/fica ai.cs in SourceAssetDB has modification time of '2021-12-06T16:34:54.4611853Z' while content on disk has modification time of '2021-12-06T16:35:25.8724888Z')
  ERROR: Build asset version error: assets/scripts/fica ai.cs in SourceAssetDB has modification time of '2021-12-06T16:34:54.4611853Z' while content on disk has modification time of '2021-12-06T16:35:25.8724888Z'
  Import took 0.095970 seconds .

========================================================================
Received Prepare
Registering precompiled user dll's ...
Registered in 0.015889 seconds.
Begin MonoManager ReloadAssembly
Native extension for WindowsStandalone target not found
Refreshing native plugins compatible for Editor in 1.40 ms, found 2 plugins.
Preloading 0 native plugins for Editor in 0.00 ms.
Warning: Annotation not found!
UnityEngine.StackTraceUtility:ExtractStackTrace ()
UnityEditor.ProBuilder.EditorUtility:SetGizmoIconEnabled (System.Type,bool) (at Library/PackageCache/com.unity.probuilder@5.0.3/Editor/EditorCore/EditorUtility.cs:575)
UnityEditor.ProBuilder.HierarchyListener:.cctor () (at Library/PackageCache/com.unity.probuilder@5.0.3/Editor/EditorCore/HierarchyListener.cs:21)
System.Runtime.CompilerServices.RuntimeHelpers:RunClassConstructor (System.RuntimeTypeHandle)
UnityEditor.EditorAssemblies:ProcessInitializeOnLoadAttributes (System.Type[])

[Library/PackageCache/com.unity.probuilder@5.0.3/Editor/EditorCore/EditorUtility.cs line 575]

Mono: successfully reloaded assembly
- Completed reload, in  2.070 seconds
Domain Reload Profiling:
	ReloadAssembly (2071ms)
		BeginReloadAssembly (251ms)
			ExecutionOrderSort (0ms)
			DisableScriptedObjects (9ms)
			BackupInstance (0ms)
			ReleaseScriptingObjects (0ms)
			CreateAndSetChildDomain (64ms)
		EndReloadAssembly (1699ms)
			LoadAssemblies (219ms)
			RebuildTransferFunctionScriptingTraits (0ms)
			SetupTypeCache (636ms)
			ReleaseScriptCaches (2ms)
			RebuildScriptCaches (88ms)
			SetupLoadedEditorAssemblies (595ms)
				LogAssemblyErrors (0ms)
				InitializePlatformSupportModulesInManaged (9ms)
				SetLoadedEditorAssemblies (1ms)
				RefreshPlugins (2ms)
				BeforeProcessingInitializeOnLoad (149ms)
				ProcessInitializeOnLoadAttributes (415ms)
				ProcessInitializeOnLoadMethodAttributes (14ms)
				AfterProcessingInitializeOnLoad (6ms)
				EditorAssembliesLoaded (0ms)
			ExecutionOrderSort2 (0ms)
			AwakeInstancesAfterBackupRestoration (12ms)
>>>>>>> Stashed changes
Platform modules already initialized, skipping
Refreshing native plugins compatible for Editor in 1.58 ms, found 2 plugins.
Preloading 0 native plugins for Editor in 0.00 ms.
Unloading 2261 Unused Serialized files (Serialized files now loaded: 0)
System memory in use before: 106.4 MB.
System memory in use after: 106.6 MB.

Unloading 15 unused Assets to reduce memory usage. Loaded Objects now: 2802.
Total: 9.087700 ms (FindLiveObjects: 1.275600 ms CreateObjectMapping: 0.279500 ms MarkObjects: 7.366100 ms  DeleteObjects: 0.163800 ms)

AssetImportParameters requested are different than current active one (requested -> active):
  custom:framework-win-MediaFoundation: 216162199b28c13a410421893ffa2e32 -> 
  custom:video-decoder-ogg-theora: a1e56fd34408186e4bbccfd4996cb3dc -> 
  custom:container-muxer-webm: aa71ff27fc2769a1b78a27578f13a17b -> 
  custom:container-demuxer-webm: 4f35f7cbe854078d1ac9338744f61a02 -> 
  custom:container-demuxer-ogg: 62fdf1f143b41e24485cea50d1cbac27 -> 
  custom:video-encoder-webm-vp8: eb34c28f22e8b96e1ab97ce403110664 -> 
  custom:video-decoder-webm-vp8: 9c59270c3fd7afecdb556c50c9e8de78 -> 
  custom:audio-decoder-ogg-vorbis: bf7c407c2cedff20999df2af8eb42d56 -> 
  custom:audio-encoder-webm-vorbis: bf7c407c2cedff20999df2af8eb42d56 -> 
========================================================================
<<<<<<< Updated upstream
Worker process is ready to serve import requests
Launched and connected shader compiler UnityShaderCompiler.exe after 0.10 seconds
Refreshing native plugins compatible for Editor in 0.82 ms, found 2 plugins.
Preloading 0 native plugins for Editor in 0.00 ms.
Unloading 2361 Unused Serialized files (Serialized files now loaded: 0)
System memory in use before: 115.2 MB.
System memory in use after: 115.3 MB.

Unloading 87 unused Assets to reduce memory usage. Loaded Objects now: 2798.
Total: 3.683700 ms (FindLiveObjects: 0.245500 ms CreateObjectMapping: 0.141400 ms MarkObjects: 3.124000 ms  DeleteObjects: 0.171400 ms)
=======
Received Import Request.
  Time since last request: 32.906445 seconds.
  path: Assets/Scripts/Fica ai.cs
  artifactKey: Guid(75491798925bcdc40a606df676e1471e) Importer(815301076,1909f56bfc062723c751e8b465ee728b)
Start importing Assets/Scripts/Fica ai.cs using Guid(75491798925bcdc40a606df676e1471e) Importer(815301076,1909f56bfc062723c751e8b465ee728b)  -> (artifact id: 'e69693e2108bbda34ea22a8e6bd16831') in 0.022848 seconds 
  Import took 0.033630 seconds .

========================================================================
Received Prepare
Registering precompiled user dll's ...
Registered in 0.016756 seconds.
Begin MonoManager ReloadAssembly
Native extension for WindowsStandalone target not found
Refreshing native plugins compatible for Editor in 1.29 ms, found 2 plugins.
Preloading 0 native plugins for Editor in 0.00 ms.
Warning: Annotation not found!
UnityEngine.StackTraceUtility:ExtractStackTrace ()
UnityEditor.ProBuilder.EditorUtility:SetGizmoIconEnabled (System.Type,bool) (at Library/PackageCache/com.unity.probuilder@5.0.3/Editor/EditorCore/EditorUtility.cs:575)
UnityEditor.ProBuilder.HierarchyListener:.cctor () (at Library/PackageCache/com.unity.probuilder@5.0.3/Editor/EditorCore/HierarchyListener.cs:21)
System.Runtime.CompilerServices.RuntimeHelpers:RunClassConstructor (System.RuntimeTypeHandle)
UnityEditor.EditorAssemblies:ProcessInitializeOnLoadAttributes (System.Type[])

[Library/PackageCache/com.unity.probuilder@5.0.3/Editor/EditorCore/EditorUtility.cs line 575]

Mono: successfully reloaded assembly
- Completed reload, in  2.127 seconds
Domain Reload Profiling:
	ReloadAssembly (2128ms)
		BeginReloadAssembly (272ms)
			ExecutionOrderSort (0ms)
			DisableScriptedObjects (8ms)
			BackupInstance (0ms)
			ReleaseScriptingObjects (0ms)
			CreateAndSetChildDomain (76ms)
		EndReloadAssembly (1727ms)
			LoadAssemblies (233ms)
			RebuildTransferFunctionScriptingTraits (0ms)
			SetupTypeCache (652ms)
			ReleaseScriptCaches (4ms)
			RebuildScriptCaches (88ms)
			SetupLoadedEditorAssemblies (604ms)
				LogAssemblyErrors (0ms)
				InitializePlatformSupportModulesInManaged (8ms)
				SetLoadedEditorAssemblies (1ms)
				RefreshPlugins (1ms)
				BeforeProcessingInitializeOnLoad (156ms)
				ProcessInitializeOnLoadAttributes (418ms)
				ProcessInitializeOnLoadMethodAttributes (13ms)
				AfterProcessingInitializeOnLoad (6ms)
				EditorAssembliesLoaded (0ms)
			ExecutionOrderSort2 (0ms)
			AwakeInstancesAfterBackupRestoration (13ms)
Platform modules already initialized, skipping
Refreshing native plugins compatible for Editor in 1.67 ms, found 2 plugins.
Preloading 0 native plugins for Editor in 0.00 ms.
Unloading 2260 Unused Serialized files (Serialized files now loaded: 0)
System memory in use before: 106.4 MB.
System memory in use after: 106.6 MB.

Unloading 16 unused Assets to reduce memory usage. Loaded Objects now: 2803.
Total: 8.049100 ms (FindLiveObjects: 0.670300 ms CreateObjectMapping: 0.180100 ms MarkObjects: 6.942900 ms  DeleteObjects: 0.247900 ms)
>>>>>>> Stashed changes

AssetImportParameters requested are different than current active one (requested -> active):
  custom:framework-win-MediaFoundation: 216162199b28c13a410421893ffa2e32 -> 
  custom:video-decoder-ogg-theora: a1e56fd34408186e4bbccfd4996cb3dc -> 
  custom:container-muxer-webm: aa71ff27fc2769a1b78a27578f13a17b -> 
  custom:container-demuxer-webm: 4f35f7cbe854078d1ac9338744f61a02 -> 
  custom:container-demuxer-ogg: 62fdf1f143b41e24485cea50d1cbac27 -> 
  custom:video-encoder-webm-vp8: eb34c28f22e8b96e1ab97ce403110664 -> 
  custom:video-codec-MediaFoundation-h265: 746d11721c4dcdbdad8f713fa42b33f4 -> 
  custom:video-decoder-webm-vp8: 9c59270c3fd7afecdb556c50c9e8de78 -> 
  custom:audio-decoder-ogg-vorbis: bf7c407c2cedff20999df2af8eb42d56 -> 
  custom:audio-encoder-webm-vorbis: bf7c407c2cedff20999df2af8eb42d56 -> 
========================================================================
Received Import Request.
<<<<<<< Updated upstream
  path: Assets/Scenes/Base Espacial.unity
  artifactKey: Guid(49e7d513456fed94d98484bbc98e2686) Importer(815301076,1909f56bfc062723c751e8b465ee728b)
Start importing Assets/Scenes/Base Espacial.unity using Guid(49e7d513456fed94d98484bbc98e2686) Importer(815301076,1909f56bfc062723c751e8b465ee728b)  -> (artifact id: 'd64046d4ca47673ae6065ce25f5b1ffb') in 0.015345 seconds 
  Import took 0.079368 seconds .

========================================================================
Received Import Request.
  Time since last request: 4.787092 seconds.
  path: Assets/Scenes/GreenValley
  artifactKey: Guid(85e09467652de5840b8251e765b12461) Importer(815301076,1909f56bfc062723c751e8b465ee728b)
Start importing Assets/Scenes/GreenValley using Guid(85e09467652de5840b8251e765b12461) Importer(815301076,1909f56bfc062723c751e8b465ee728b)  -> (artifact id: '6543908bec91cf36a7c607067984ed19') in 0.010882 seconds 
  Import took 0.060872 seconds .

========================================================================
Received Import Request.
  Time since last request: 0.000260 seconds.
  path: Assets/Scenes/GreenValley/NavMesh.asset
  artifactKey: Guid(8fb3796c87f6b024c83bd98c105adfb9) Importer(815301076,1909f56bfc062723c751e8b465ee728b)
Start importing Assets/Scenes/GreenValley/NavMesh.asset using Guid(8fb3796c87f6b024c83bd98c105adfb9) Importer(815301076,1909f56bfc062723c751e8b465ee728b)  -> (artifact id: '8eaca8521ab110dce1dca52d9a5631a4') in 0.042976 seconds 
  Import took 0.067203 seconds .

========================================================================
Received Import Request.
  Time since last request: 26.210175 seconds.
  path: Assets/Scenes/WinterFell.unity
  artifactKey: Guid(3257921f2bc50ed459ace68ce9ddd2ce) Importer(815301076,1909f56bfc062723c751e8b465ee728b)
Start importing Assets/Scenes/WinterFell.unity using Guid(3257921f2bc50ed459ace68ce9ddd2ce) Importer(815301076,1909f56bfc062723c751e8b465ee728b)  -> (artifact id: '3fd8f028bda94c9b87e9539f2cb69089') in 0.007687 seconds 
  Import took 0.042695 seconds .
=======
  Time since last request: 44.847490 seconds.
  path: Assets/Scripts/Recursos.cs
  artifactKey: Guid(ea38a2af9ffb13a40b10328487c3149a) Importer(815301076,1909f56bfc062723c751e8b465ee728b)
Start importing Assets/Scripts/Recursos.cs using Guid(ea38a2af9ffb13a40b10328487c3149a) Importer(815301076,1909f56bfc062723c751e8b465ee728b)  -> (artifact id: '71d83a29fe65cb1aa3e090c30c99c50a') in 0.019919 seconds 
  Import took 0.709796 seconds .

========================================================================
Received Import Request.
  Time since last request: 0.000497 seconds.
  path: Assets/Scripts/TrocaCenas.cs
  artifactKey: Guid(32ca00d712ade5f43b7df8716854e13a) Importer(815301076,1909f56bfc062723c751e8b465ee728b)
Start importing Assets/Scripts/TrocaCenas.cs using Guid(32ca00d712ade5f43b7df8716854e13a) Importer(815301076,1909f56bfc062723c751e8b465ee728b)  -> (artifact id: '29b8c34f9481a17503781b799f5f26ea') in 0.014459 seconds 
  Import took 0.062675 seconds .

========================================================================
Received Import Request.
  Time since last request: 10.201849 seconds.
  path: Assets/Scripts/Nao_some.cs
  artifactKey: Guid(ea070188e95bbce44accbd53f6244398) Importer(815301076,1909f56bfc062723c751e8b465ee728b)
Start importing Assets/Scripts/Nao_some.cs using Guid(ea070188e95bbce44accbd53f6244398) Importer(815301076,1909f56bfc062723c751e8b465ee728b)  -> (artifact id: '911f5db82d27cf373f8841677f3a0920') in 0.021077 seconds 
  Import took 0.034971 seconds .
>>>>>>> Stashed changes

========================================================================
Received Prepare
Registering precompiled user dll's ...
<<<<<<< Updated upstream
Registered in 0.004079 seconds.
Begin MonoManager ReloadAssembly
Native extension for WindowsStandalone target not found
Refreshing native plugins compatible for Editor in 0.70 ms, found 2 plugins.
=======
Registered in 0.026639 seconds.
Begin MonoManager ReloadAssembly
Native extension for WindowsStandalone target not found
Refreshing native plugins compatible for Editor in 1.29 ms, found 2 plugins.
>>>>>>> Stashed changes
Preloading 0 native plugins for Editor in 0.00 ms.
Warning: Annotation not found!
UnityEngine.StackTraceUtility:ExtractStackTrace ()
UnityEditor.ProBuilder.EditorUtility:SetGizmoIconEnabled (System.Type,bool) (at Library/PackageCache/com.unity.probuilder@5.0.3/Editor/EditorCore/EditorUtility.cs:575)
UnityEditor.ProBuilder.HierarchyListener:.cctor () (at Library/PackageCache/com.unity.probuilder@5.0.3/Editor/EditorCore/HierarchyListener.cs:21)
System.Runtime.CompilerServices.RuntimeHelpers:RunClassConstructor (System.RuntimeTypeHandle)
UnityEditor.EditorAssemblies:ProcessInitializeOnLoadAttributes (System.Type[])

[Library/PackageCache/com.unity.probuilder@5.0.3/Editor/EditorCore/EditorUtility.cs line 575]

Mono: successfully reloaded assembly
<<<<<<< Updated upstream
- Completed reload, in  0.960 seconds
Domain Reload Profiling:
	ReloadAssembly (960ms)
		BeginReloadAssembly (103ms)
=======
- Completed reload, in  2.321 seconds
Domain Reload Profiling:
	ReloadAssembly (2323ms)
		BeginReloadAssembly (293ms)
>>>>>>> Stashed changes
			ExecutionOrderSort (0ms)
			DisableScriptedObjects (5ms)
			BackupInstance (0ms)
			ReleaseScriptingObjects (0ms)
<<<<<<< Updated upstream
			CreateAndSetChildDomain (32ms)
		EndReloadAssembly (800ms)
			LoadAssemblies (83ms)
			RebuildTransferFunctionScriptingTraits (0ms)
			SetupTypeCache (282ms)
			ReleaseScriptCaches (1ms)
			RebuildScriptCaches (40ms)
			SetupLoadedEditorAssemblies (302ms)
				LogAssemblyErrors (0ms)
				InitializePlatformSupportModulesInManaged (5ms)
				SetLoadedEditorAssemblies (0ms)
				RefreshPlugins (1ms)
				BeforeProcessingInitializeOnLoad (72ms)
				ProcessInitializeOnLoadAttributes (211ms)
				ProcessInitializeOnLoadMethodAttributes (8ms)
				AfterProcessingInitializeOnLoad (5ms)
				EditorAssembliesLoaded (0ms)
			ExecutionOrderSort2 (0ms)
			AwakeInstancesAfterBackupRestoration (6ms)
Platform modules already initialized, skipping
Refreshing native plugins compatible for Editor in 0.71 ms, found 2 plugins.
Preloading 0 native plugins for Editor in 0.00 ms.
Unloading 2260 Unused Serialized files (Serialized files now loaded: 0)
System memory in use before: 106.1 MB.
System memory in use after: 106.3 MB.

Unloading 15 unused Assets to reduce memory usage. Loaded Objects now: 2800.
Total: 3.452000 ms (FindLiveObjects: 0.277000 ms CreateObjectMapping: 0.125700 ms MarkObjects: 2.964800 ms  DeleteObjects: 0.082600 ms)
=======
			CreateAndSetChildDomain (66ms)
		EndReloadAssembly (1851ms)
			LoadAssemblies (293ms)
			RebuildTransferFunctionScriptingTraits (0ms)
			SetupTypeCache (734ms)
			ReleaseScriptCaches (2ms)
			RebuildScriptCaches (91ms)
			SetupLoadedEditorAssemblies (602ms)
				LogAssemblyErrors (0ms)
				InitializePlatformSupportModulesInManaged (8ms)
				SetLoadedEditorAssemblies (1ms)
				RefreshPlugins (1ms)
				BeforeProcessingInitializeOnLoad (153ms)
				ProcessInitializeOnLoadAttributes (418ms)
				ProcessInitializeOnLoadMethodAttributes (14ms)
				AfterProcessingInitializeOnLoad (6ms)
				EditorAssembliesLoaded (0ms)
			ExecutionOrderSort2 (0ms)
			AwakeInstancesAfterBackupRestoration (13ms)
Platform modules already initialized, skipping
Refreshing native plugins compatible for Editor in 2.02 ms, found 2 plugins.
Preloading 0 native plugins for Editor in 0.00 ms.
Unloading 2261 Unused Serialized files (Serialized files now loaded: 0)
System memory in use before: 106.5 MB.
System memory in use after: 106.6 MB.

Unloading 15 unused Assets to reduce memory usage. Loaded Objects now: 2806.
Total: 10.038800 ms (FindLiveObjects: 1.265600 ms CreateObjectMapping: 0.226300 ms MarkObjects: 8.355300 ms  DeleteObjects: 0.188500 ms)
>>>>>>> Stashed changes

AssetImportParameters requested are different than current active one (requested -> active):
  custom:framework-win-MediaFoundation: 216162199b28c13a410421893ffa2e32 -> 
  custom:video-decoder-ogg-theora: a1e56fd34408186e4bbccfd4996cb3dc -> 
  custom:container-muxer-webm: aa71ff27fc2769a1b78a27578f13a17b -> 
  custom:container-demuxer-webm: 4f35f7cbe854078d1ac9338744f61a02 -> 
  custom:container-demuxer-ogg: 62fdf1f143b41e24485cea50d1cbac27 -> 
  custom:video-encoder-webm-vp8: eb34c28f22e8b96e1ab97ce403110664 -> 
  custom:video-codec-MediaFoundation-h265: 746d11721c4dcdbdad8f713fa42b33f4 -> 
  custom:video-decoder-webm-vp8: 9c59270c3fd7afecdb556c50c9e8de78 -> 
  custom:audio-decoder-ogg-vorbis: bf7c407c2cedff20999df2af8eb42d56 -> 
  custom:audio-encoder-webm-vorbis: bf7c407c2cedff20999df2af8eb42d56 -> 
========================================================================
Received Prepare
Registering precompiled user dll's ...
Registered in 0.019884 seconds.
Begin MonoManager ReloadAssembly
Native extension for WindowsStandalone target not found
Refreshing native plugins compatible for Editor in 1.35 ms, found 2 plugins.
Preloading 0 native plugins for Editor in 0.00 ms.
Warning: Annotation not found!
UnityEngine.StackTraceUtility:ExtractStackTrace ()
UnityEditor.ProBuilder.EditorUtility:SetGizmoIconEnabled (System.Type,bool) (at Library/PackageCache/com.unity.probuilder@5.0.3/Editor/EditorCore/EditorUtility.cs:575)
UnityEditor.ProBuilder.HierarchyListener:.cctor () (at Library/PackageCache/com.unity.probuilder@5.0.3/Editor/EditorCore/HierarchyListener.cs:21)
System.Runtime.CompilerServices.RuntimeHelpers:RunClassConstructor (System.RuntimeTypeHandle)
UnityEditor.EditorAssemblies:ProcessInitializeOnLoadAttributes (System.Type[])

[Library/PackageCache/com.unity.probuilder@5.0.3/Editor/EditorCore/EditorUtility.cs line 575]

Mono: successfully reloaded assembly
- Completed reload, in  2.168 seconds
Domain Reload Profiling:
	ReloadAssembly (2169ms)
		BeginReloadAssembly (269ms)
			ExecutionOrderSort (0ms)
			DisableScriptedObjects (10ms)
			BackupInstance (0ms)
			ReleaseScriptingObjects (0ms)
			CreateAndSetChildDomain (66ms)
		EndReloadAssembly (1770ms)
			LoadAssemblies (231ms)
			RebuildTransferFunctionScriptingTraits (0ms)
			SetupTypeCache (653ms)
			ReleaseScriptCaches (2ms)
			RebuildScriptCaches (93ms)
			SetupLoadedEditorAssemblies (633ms)
				LogAssemblyErrors (0ms)
				InitializePlatformSupportModulesInManaged (9ms)
				SetLoadedEditorAssemblies (1ms)
				RefreshPlugins (2ms)
				BeforeProcessingInitializeOnLoad (160ms)
				ProcessInitializeOnLoadAttributes (437ms)
				ProcessInitializeOnLoadMethodAttributes (18ms)
				AfterProcessingInitializeOnLoad (6ms)
				EditorAssembliesLoaded (0ms)
			ExecutionOrderSort2 (0ms)
			AwakeInstancesAfterBackupRestoration (13ms)
Platform modules already initialized, skipping
Refreshing native plugins compatible for Editor in 1.72 ms, found 2 plugins.
Preloading 0 native plugins for Editor in 0.00 ms.
Unloading 2261 Unused Serialized files (Serialized files now loaded: 0)
System memory in use before: 106.5 MB.
System memory in use after: 106.6 MB.

Unloading 15 unused Assets to reduce memory usage. Loaded Objects now: 2808.
Total: 9.784900 ms (FindLiveObjects: 0.925800 ms CreateObjectMapping: 0.263200 ms MarkObjects: 8.416200 ms  DeleteObjects: 0.176600 ms)

AssetImportParameters requested are different than current active one (requested -> active):
  custom:framework-win-MediaFoundation: 216162199b28c13a410421893ffa2e32 -> 
  custom:video-decoder-ogg-theora: a1e56fd34408186e4bbccfd4996cb3dc -> 
  custom:container-muxer-webm: aa71ff27fc2769a1b78a27578f13a17b -> 
  custom:container-demuxer-webm: 4f35f7cbe854078d1ac9338744f61a02 -> 
  custom:container-demuxer-ogg: 62fdf1f143b41e24485cea50d1cbac27 -> 
  custom:video-encoder-webm-vp8: eb34c28f22e8b96e1ab97ce403110664 -> 
  custom:video-decoder-webm-vp8: 9c59270c3fd7afecdb556c50c9e8de78 -> 
  custom:audio-decoder-ogg-vorbis: bf7c407c2cedff20999df2af8eb42d56 -> 
  custom:audio-encoder-webm-vorbis: bf7c407c2cedff20999df2af8eb42d56 -> 
========================================================================
Received Import Request.
  Time since last request: 22.237564 seconds.
  path: Assets/Scripts/Nao_some.cs
  artifactKey: Guid(ea070188e95bbce44accbd53f6244398) Importer(815301076,1909f56bfc062723c751e8b465ee728b)
Start importing Assets/Scripts/Nao_some.cs using Guid(ea070188e95bbce44accbd53f6244398) Importer(815301076,1909f56bfc062723c751e8b465ee728b)  -> (artifact id: 'b9cab151bd87aa1efb77f971cc861871') in 0.019070 seconds 
  Import took 0.029407 seconds .

========================================================================
Received Import Request.
<<<<<<< Updated upstream
  Time since last request: 168.967316 seconds.
  path: Assets/LowPolySkeleton/LowPolySkeleton.prefab
  artifactKey: Guid(6e4019dcbde26c8408f888128d0a9a67) Importer(815301076,1909f56bfc062723c751e8b465ee728b)
Start importing Assets/LowPolySkeleton/LowPolySkeleton.prefab using Guid(6e4019dcbde26c8408f888128d0a9a67) Importer(815301076,1909f56bfc062723c751e8b465ee728b)  -> (artifact id: '9493ef70e07f4c1d7a49edbe311ec5c4') in 0.217423 seconds 
  Import took 0.240920 seconds .

========================================================================
Received Import Request.
  Time since last request: 133.859841 seconds.
  path: Assets/LowPolySkeleton/LowPolySkeleton_Animations/Animator_LPSkeleton.controller
  artifactKey: Guid(25c9c75a465eaa740aa2f9df012c598e) Importer(815301076,1909f56bfc062723c751e8b465ee728b)
Start importing Assets/LowPolySkeleton/LowPolySkeleton_Animations/Animator_LPSkeleton.controller using Guid(25c9c75a465eaa740aa2f9df012c598e) Importer(815301076,1909f56bfc062723c751e8b465ee728b)  -> (artifact id: 'ce89c7821d5f65557ce5eda24f499b69') in 0.040897 seconds 
  Import took 0.078895 seconds .
=======
  Time since last request: 40.102501 seconds.
  path: Assets/Scenes/GreenValley
  artifactKey: Guid(85e09467652de5840b8251e765b12461) Importer(815301076,1909f56bfc062723c751e8b465ee728b)
Start importing Assets/Scenes/GreenValley using Guid(85e09467652de5840b8251e765b12461) Importer(815301076,1909f56bfc062723c751e8b465ee728b)  -> (artifact id: '05deb970227f6f8946077aaf445161ae') in 0.014413 seconds 
  Import took 0.024379 seconds .

========================================================================
Received Import Request.
  Time since last request: 0.002440 seconds.
  path: Assets/Scenes/GreenValley/NavMesh.asset
  artifactKey: Guid(8fb3796c87f6b024c83bd98c105adfb9) Importer(815301076,1909f56bfc062723c751e8b465ee728b)
Start importing Assets/Scenes/GreenValley/NavMesh.asset using Guid(8fb3796c87f6b024c83bd98c105adfb9) Importer(815301076,1909f56bfc062723c751e8b465ee728b)  -> (artifact id: '942120f9ae8830b2b354bbaae15c1a83') in 0.053706 seconds 
  Import took 0.061416 seconds .

========================================================================
Received Import Request.
  Time since last request: 6.495154 seconds.
  path: Assets/Scenes/GreenValley.unity
  artifactKey: Guid(43fa005104b050640b35f8bc6baf804a) Importer(815301076,1909f56bfc062723c751e8b465ee728b)
Start importing Assets/Scenes/GreenValley.unity using Guid(43fa005104b050640b35f8bc6baf804a) Importer(815301076,1909f56bfc062723c751e8b465ee728b)  -> (artifact id: '13d073e9d395291f4b7b58c8e23dbfe9') in 0.019653 seconds 
  Import took 0.028887 seconds .
>>>>>>> Stashed changes

========================================================================
Received Prepare
Registering precompiled user dll's ...
<<<<<<< Updated upstream
Registered in 0.005708 seconds.
Begin MonoManager ReloadAssembly
Native extension for WindowsStandalone target not found
Refreshing native plugins compatible for Editor in 0.68 ms, found 2 plugins.
=======
Registered in 0.020083 seconds.
Begin MonoManager ReloadAssembly
Native extension for WindowsStandalone target not found
Refreshing native plugins compatible for Editor in 1.32 ms, found 2 plugins.
>>>>>>> Stashed changes
Preloading 0 native plugins for Editor in 0.00 ms.
Warning: Annotation not found!
UnityEngine.StackTraceUtility:ExtractStackTrace ()
UnityEditor.ProBuilder.EditorUtility:SetGizmoIconEnabled (System.Type,bool) (at Library/PackageCache/com.unity.probuilder@5.0.3/Editor/EditorCore/EditorUtility.cs:575)
UnityEditor.ProBuilder.HierarchyListener:.cctor () (at Library/PackageCache/com.unity.probuilder@5.0.3/Editor/EditorCore/HierarchyListener.cs:21)
System.Runtime.CompilerServices.RuntimeHelpers:RunClassConstructor (System.RuntimeTypeHandle)
UnityEditor.EditorAssemblies:ProcessInitializeOnLoadAttributes (System.Type[])

[Library/PackageCache/com.unity.probuilder@5.0.3/Editor/EditorCore/EditorUtility.cs line 575]

Mono: successfully reloaded assembly
<<<<<<< Updated upstream
- Completed reload, in  1.215 seconds
Domain Reload Profiling:
	ReloadAssembly (1216ms)
		BeginReloadAssembly (107ms)
			ExecutionOrderSort (0ms)
			DisableScriptedObjects (4ms)
			BackupInstance (0ms)
			ReleaseScriptingObjects (0ms)
			CreateAndSetChildDomain (35ms)
		EndReloadAssembly (1049ms)
			LoadAssemblies (90ms)
			RebuildTransferFunctionScriptingTraits (0ms)
			SetupTypeCache (295ms)
			ReleaseScriptCaches (1ms)
			RebuildScriptCaches (41ms)
			SetupLoadedEditorAssemblies (527ms)
				LogAssemblyErrors (0ms)
				InitializePlatformSupportModulesInManaged (5ms)
				SetLoadedEditorAssemblies (0ms)
				RefreshPlugins (1ms)
				BeforeProcessingInitializeOnLoad (107ms)
				ProcessInitializeOnLoadAttributes (400ms)
				ProcessInitializeOnLoadMethodAttributes (8ms)
				AfterProcessingInitializeOnLoad (5ms)
				EditorAssembliesLoaded (0ms)
			ExecutionOrderSort2 (0ms)
			AwakeInstancesAfterBackupRestoration (7ms)
Platform modules already initialized, skipping
Refreshing native plugins compatible for Editor in 0.68 ms, found 2 plugins.
Preloading 0 native plugins for Editor in 0.00 ms.
Unloading 2259 Unused Serialized files (Serialized files now loaded: 0)
System memory in use before: 122.3 MB.
System memory in use after: 122.5 MB.

Unloading 16 unused Assets to reduce memory usage. Loaded Objects now: 2809.
Total: 3.142300 ms (FindLiveObjects: 0.218400 ms CreateObjectMapping: 0.090800 ms MarkObjects: 2.763800 ms  DeleteObjects: 0.068300 ms)
=======
- Completed reload, in  2.193 seconds
Domain Reload Profiling:
	ReloadAssembly (2193ms)
		BeginReloadAssembly (314ms)
			ExecutionOrderSort (0ms)
			DisableScriptedObjects (9ms)
			BackupInstance (0ms)
			ReleaseScriptingObjects (0ms)
			CreateAndSetChildDomain (67ms)
		EndReloadAssembly (1732ms)
			LoadAssemblies (286ms)
			RebuildTransferFunctionScriptingTraits (0ms)
			SetupTypeCache (631ms)
			ReleaseScriptCaches (2ms)
			RebuildScriptCaches (91ms)
			SetupLoadedEditorAssemblies (615ms)
				LogAssemblyErrors (0ms)
				InitializePlatformSupportModulesInManaged (9ms)
				SetLoadedEditorAssemblies (1ms)
				RefreshPlugins (1ms)
				BeforeProcessingInitializeOnLoad (158ms)
				ProcessInitializeOnLoadAttributes (424ms)
				ProcessInitializeOnLoadMethodAttributes (16ms)
				AfterProcessingInitializeOnLoad (6ms)
				EditorAssembliesLoaded (0ms)
			ExecutionOrderSort2 (0ms)
			AwakeInstancesAfterBackupRestoration (13ms)
Platform modules already initialized, skipping
Refreshing native plugins compatible for Editor in 1.86 ms, found 2 plugins.
Preloading 0 native plugins for Editor in 0.00 ms.
Unloading 2261 Unused Serialized files (Serialized files now loaded: 0)
System memory in use before: 106.5 MB.
System memory in use after: 106.7 MB.

Unloading 15 unused Assets to reduce memory usage. Loaded Objects now: 2810.
Total: 8.170000 ms (FindLiveObjects: 0.748600 ms CreateObjectMapping: 0.218800 ms MarkObjects: 7.015300 ms  DeleteObjects: 0.183600 ms)

AssetImportParameters requested are different than current active one (requested -> active):
  custom:framework-win-MediaFoundation: 216162199b28c13a410421893ffa2e32 -> 
  custom:video-decoder-ogg-theora: a1e56fd34408186e4bbccfd4996cb3dc -> 
  custom:container-muxer-webm: aa71ff27fc2769a1b78a27578f13a17b -> 
  custom:container-demuxer-webm: 4f35f7cbe854078d1ac9338744f61a02 -> 
  custom:container-demuxer-ogg: 62fdf1f143b41e24485cea50d1cbac27 -> 
  custom:video-encoder-webm-vp8: eb34c28f22e8b96e1ab97ce403110664 -> 
  custom:video-decoder-webm-vp8: 9c59270c3fd7afecdb556c50c9e8de78 -> 
  custom:audio-decoder-ogg-vorbis: bf7c407c2cedff20999df2af8eb42d56 -> 
  custom:audio-encoder-webm-vorbis: bf7c407c2cedff20999df2af8eb42d56 -> 
========================================================================
Received Import Request.
  Time since last request: 54.588268 seconds.
  path: Assets/Scenes/Base Espacial.unity
  artifactKey: Guid(49e7d513456fed94d98484bbc98e2686) Importer(815301076,1909f56bfc062723c751e8b465ee728b)
Start importing Assets/Scenes/Base Espacial.unity using Guid(49e7d513456fed94d98484bbc98e2686) Importer(815301076,1909f56bfc062723c751e8b465ee728b)  -> (artifact id: '39b6700444b0b30458560fea521da2f9') in 0.030523 seconds 
  Import took 0.040526 seconds .

========================================================================
Received Prepare
Registering precompiled user dll's ...
Registered in 0.017156 seconds.
Begin MonoManager ReloadAssembly
Native extension for WindowsStandalone target not found
Refreshing native plugins compatible for Editor in 2.24 ms, found 2 plugins.
Preloading 0 native plugins for Editor in 0.00 ms.
Warning: Annotation not found!
UnityEngine.StackTraceUtility:ExtractStackTrace ()
UnityEditor.ProBuilder.EditorUtility:SetGizmoIconEnabled (System.Type,bool) (at Library/PackageCache/com.unity.probuilder@5.0.3/Editor/EditorCore/EditorUtility.cs:575)
UnityEditor.ProBuilder.HierarchyListener:.cctor () (at Library/PackageCache/com.unity.probuilder@5.0.3/Editor/EditorCore/HierarchyListener.cs:21)
System.Runtime.CompilerServices.RuntimeHelpers:RunClassConstructor (System.RuntimeTypeHandle)
UnityEditor.EditorAssemblies:ProcessInitializeOnLoadAttributes (System.Type[])

[Library/PackageCache/com.unity.probuilder@5.0.3/Editor/EditorCore/EditorUtility.cs line 575]

Mono: successfully reloaded assembly
- Completed reload, in  2.215 seconds
Domain Reload Profiling:
	ReloadAssembly (2217ms)
		BeginReloadAssembly (257ms)
			ExecutionOrderSort (0ms)
			DisableScriptedObjects (8ms)
			BackupInstance (0ms)
			ReleaseScriptingObjects (0ms)
			CreateAndSetChildDomain (67ms)
		EndReloadAssembly (1821ms)
			LoadAssemblies (246ms)
			RebuildTransferFunctionScriptingTraits (0ms)
			SetupTypeCache (667ms)
			ReleaseScriptCaches (2ms)
			RebuildScriptCaches (88ms)
			SetupLoadedEditorAssemblies (621ms)
				LogAssemblyErrors (0ms)
				InitializePlatformSupportModulesInManaged (9ms)
				SetLoadedEditorAssemblies (1ms)
				RefreshPlugins (2ms)
				BeforeProcessingInitializeOnLoad (159ms)
				ProcessInitializeOnLoadAttributes (429ms)
				ProcessInitializeOnLoadMethodAttributes (14ms)
				AfterProcessingInitializeOnLoad (6ms)
				EditorAssembliesLoaded (0ms)
			ExecutionOrderSort2 (0ms)
			AwakeInstancesAfterBackupRestoration (13ms)
Platform modules already initialized, skipping
Refreshing native plugins compatible for Editor in 2.42 ms, found 2 plugins.
Preloading 0 native plugins for Editor in 0.00 ms.
Unloading 2261 Unused Serialized files (Serialized files now loaded: 0)
System memory in use before: 106.5 MB.
System memory in use after: 106.7 MB.

Unloading 15 unused Assets to reduce memory usage. Loaded Objects now: 2812.
Total: 12.132400 ms (FindLiveObjects: 1.378300 ms CreateObjectMapping: 0.533600 ms MarkObjects: 10.029500 ms  DeleteObjects: 0.187800 ms)

AssetImportParameters requested are different than current active one (requested -> active):
  custom:framework-win-MediaFoundation: 216162199b28c13a410421893ffa2e32 -> 
  custom:video-decoder-ogg-theora: a1e56fd34408186e4bbccfd4996cb3dc -> 
  custom:container-muxer-webm: aa71ff27fc2769a1b78a27578f13a17b -> 
  custom:container-demuxer-webm: 4f35f7cbe854078d1ac9338744f61a02 -> 
  custom:container-demuxer-ogg: 62fdf1f143b41e24485cea50d1cbac27 -> 
  custom:video-encoder-webm-vp8: eb34c28f22e8b96e1ab97ce403110664 -> 
  custom:video-decoder-webm-vp8: 9c59270c3fd7afecdb556c50c9e8de78 -> 
  custom:audio-decoder-ogg-vorbis: bf7c407c2cedff20999df2af8eb42d56 -> 
  custom:audio-encoder-webm-vorbis: bf7c407c2cedff20999df2af8eb42d56 -> 
========================================================================
Received Prepare
Registering precompiled user dll's ...
Registered in 0.016371 seconds.
Begin MonoManager ReloadAssembly
Native extension for WindowsStandalone target not found
Refreshing native plugins compatible for Editor in 1.28 ms, found 2 plugins.
Preloading 0 native plugins for Editor in 0.00 ms.
Warning: Annotation not found!
UnityEngine.StackTraceUtility:ExtractStackTrace ()
UnityEditor.ProBuilder.EditorUtility:SetGizmoIconEnabled (System.Type,bool) (at Library/PackageCache/com.unity.probuilder@5.0.3/Editor/EditorCore/EditorUtility.cs:575)
UnityEditor.ProBuilder.HierarchyListener:.cctor () (at Library/PackageCache/com.unity.probuilder@5.0.3/Editor/EditorCore/HierarchyListener.cs:21)
System.Runtime.CompilerServices.RuntimeHelpers:RunClassConstructor (System.RuntimeTypeHandle)
UnityEditor.EditorAssemblies:ProcessInitializeOnLoadAttributes (System.Type[])

[Library/PackageCache/com.unity.probuilder@5.0.3/Editor/EditorCore/EditorUtility.cs line 575]

Mono: successfully reloaded assembly
- Completed reload, in  2.083 seconds
Domain Reload Profiling:
	ReloadAssembly (2084ms)
		BeginReloadAssembly (255ms)
			ExecutionOrderSort (0ms)
			DisableScriptedObjects (9ms)
			BackupInstance (0ms)
			ReleaseScriptingObjects (0ms)
			CreateAndSetChildDomain (57ms)
		EndReloadAssembly (1706ms)
			LoadAssemblies (222ms)
			RebuildTransferFunctionScriptingTraits (0ms)
			SetupTypeCache (630ms)
			ReleaseScriptCaches (2ms)
			RebuildScriptCaches (90ms)
			SetupLoadedEditorAssemblies (605ms)
				LogAssemblyErrors (0ms)
				InitializePlatformSupportModulesInManaged (9ms)
				SetLoadedEditorAssemblies (1ms)
				RefreshPlugins (1ms)
				BeforeProcessingInitializeOnLoad (153ms)
				ProcessInitializeOnLoadAttributes (420ms)
				ProcessInitializeOnLoadMethodAttributes (14ms)
				AfterProcessingInitializeOnLoad (6ms)
				EditorAssembliesLoaded (0ms)
			ExecutionOrderSort2 (0ms)
			AwakeInstancesAfterBackupRestoration (13ms)
Platform modules already initialized, skipping
Refreshing native plugins compatible for Editor in 1.63 ms, found 2 plugins.
Preloading 0 native plugins for Editor in 0.00 ms.
Unloading 2261 Unused Serialized files (Serialized files now loaded: 0)
System memory in use before: 106.5 MB.
System memory in use after: 106.7 MB.

Unloading 15 unused Assets to reduce memory usage. Loaded Objects now: 2814.
Total: 9.038500 ms (FindLiveObjects: 0.690200 ms CreateObjectMapping: 0.190900 ms MarkObjects: 7.947600 ms  DeleteObjects: 0.204500 ms)

AssetImportParameters requested are different than current active one (requested -> active):
  custom:framework-win-MediaFoundation: 216162199b28c13a410421893ffa2e32 -> 
  custom:video-decoder-ogg-theora: a1e56fd34408186e4bbccfd4996cb3dc -> 
  custom:container-muxer-webm: aa71ff27fc2769a1b78a27578f13a17b -> 
  custom:container-demuxer-webm: 4f35f7cbe854078d1ac9338744f61a02 -> 
  custom:container-demuxer-ogg: 62fdf1f143b41e24485cea50d1cbac27 -> 
  custom:video-encoder-webm-vp8: eb34c28f22e8b96e1ab97ce403110664 -> 
  custom:video-decoder-webm-vp8: 9c59270c3fd7afecdb556c50c9e8de78 -> 
  custom:audio-decoder-ogg-vorbis: bf7c407c2cedff20999df2af8eb42d56 -> 
  custom:audio-encoder-webm-vorbis: bf7c407c2cedff20999df2af8eb42d56 -> 
========================================================================
Received Prepare
Registering precompiled user dll's ...
Registered in 0.019447 seconds.
Begin MonoManager ReloadAssembly
Native extension for WindowsStandalone target not found
Refreshing native plugins compatible for Editor in 1.31 ms, found 2 plugins.
Preloading 0 native plugins for Editor in 0.00 ms.
Warning: Annotation not found!
UnityEngine.StackTraceUtility:ExtractStackTrace ()
UnityEditor.ProBuilder.EditorUtility:SetGizmoIconEnabled (System.Type,bool) (at Library/PackageCache/com.unity.probuilder@5.0.3/Editor/EditorCore/EditorUtility.cs:575)
UnityEditor.ProBuilder.HierarchyListener:.cctor () (at Library/PackageCache/com.unity.probuilder@5.0.3/Editor/EditorCore/HierarchyListener.cs:21)
System.Runtime.CompilerServices.RuntimeHelpers:RunClassConstructor (System.RuntimeTypeHandle)
UnityEditor.EditorAssemblies:ProcessInitializeOnLoadAttributes (System.Type[])

[Library/PackageCache/com.unity.probuilder@5.0.3/Editor/EditorCore/EditorUtility.cs line 575]

Mono: successfully reloaded assembly
- Completed reload, in  2.145 seconds
Domain Reload Profiling:
	ReloadAssembly (2145ms)
		BeginReloadAssembly (248ms)
			ExecutionOrderSort (0ms)
			DisableScriptedObjects (9ms)
			BackupInstance (0ms)
			ReleaseScriptingObjects (0ms)
			CreateAndSetChildDomain (62ms)
		EndReloadAssembly (1765ms)
			LoadAssemblies (216ms)
			RebuildTransferFunctionScriptingTraits (0ms)
			SetupTypeCache (667ms)
			ReleaseScriptCaches (2ms)
			RebuildScriptCaches (91ms)
			SetupLoadedEditorAssemblies (611ms)
				LogAssemblyErrors (0ms)
				InitializePlatformSupportModulesInManaged (9ms)
				SetLoadedEditorAssemblies (1ms)
				RefreshPlugins (1ms)
				BeforeProcessingInitializeOnLoad (155ms)
				ProcessInitializeOnLoadAttributes (425ms)
				ProcessInitializeOnLoadMethodAttributes (14ms)
				AfterProcessingInitializeOnLoad (6ms)
				EditorAssembliesLoaded (0ms)
			ExecutionOrderSort2 (0ms)
			AwakeInstancesAfterBackupRestoration (12ms)
Platform modules already initialized, skipping
Refreshing native plugins compatible for Editor in 1.47 ms, found 2 plugins.
Preloading 0 native plugins for Editor in 0.00 ms.
Unloading 2261 Unused Serialized files (Serialized files now loaded: 0)
System memory in use before: 106.4 MB.
System memory in use after: 106.6 MB.

Unloading 15 unused Assets to reduce memory usage. Loaded Objects now: 2816.
Total: 14.144500 ms (FindLiveObjects: 0.756000 ms CreateObjectMapping: 0.211600 ms MarkObjects: 12.914900 ms  DeleteObjects: 0.259100 ms)
>>>>>>> Stashed changes

AssetImportParameters requested are different than current active one (requested -> active):
  custom:framework-win-MediaFoundation: 216162199b28c13a410421893ffa2e32 -> 
  custom:video-decoder-ogg-theora: a1e56fd34408186e4bbccfd4996cb3dc -> 
  custom:container-muxer-webm: aa71ff27fc2769a1b78a27578f13a17b -> 
  custom:container-demuxer-webm: 4f35f7cbe854078d1ac9338744f61a02 -> 
  custom:container-demuxer-ogg: 62fdf1f143b41e24485cea50d1cbac27 -> 
  custom:video-encoder-webm-vp8: eb34c28f22e8b96e1ab97ce403110664 -> 
  custom:video-codec-MediaFoundation-h265: 746d11721c4dcdbdad8f713fa42b33f4 -> 
  custom:video-decoder-webm-vp8: 9c59270c3fd7afecdb556c50c9e8de78 -> 
  custom:audio-decoder-ogg-vorbis: bf7c407c2cedff20999df2af8eb42d56 -> 
  custom:audio-encoder-webm-vorbis: bf7c407c2cedff20999df2af8eb42d56 -> 
========================================================================
Received Prepare
Registering precompiled user dll's ...
<<<<<<< Updated upstream
Registered in 0.004257 seconds.
Begin MonoManager ReloadAssembly
Native extension for WindowsStandalone target not found
Refreshing native plugins compatible for Editor in 0.68 ms, found 2 plugins.
=======
Registered in 0.021388 seconds.
Begin MonoManager ReloadAssembly
Native extension for WindowsStandalone target not found
Refreshing native plugins compatible for Editor in 1.71 ms, found 2 plugins.
>>>>>>> Stashed changes
Preloading 0 native plugins for Editor in 0.00 ms.
Warning: Annotation not found!
UnityEngine.StackTraceUtility:ExtractStackTrace ()
UnityEditor.ProBuilder.EditorUtility:SetGizmoIconEnabled (System.Type,bool) (at Library/PackageCache/com.unity.probuilder@5.0.3/Editor/EditorCore/EditorUtility.cs:575)
UnityEditor.ProBuilder.HierarchyListener:.cctor () (at Library/PackageCache/com.unity.probuilder@5.0.3/Editor/EditorCore/HierarchyListener.cs:21)
System.Runtime.CompilerServices.RuntimeHelpers:RunClassConstructor (System.RuntimeTypeHandle)
UnityEditor.EditorAssemblies:ProcessInitializeOnLoadAttributes (System.Type[])

[Library/PackageCache/com.unity.probuilder@5.0.3/Editor/EditorCore/EditorUtility.cs line 575]

Mono: successfully reloaded assembly
<<<<<<< Updated upstream
- Completed reload, in  1.002 seconds
Domain Reload Profiling:
	ReloadAssembly (1002ms)
		BeginReloadAssembly (109ms)
			ExecutionOrderSort (0ms)
			DisableScriptedObjects (4ms)
			BackupInstance (0ms)
			ReleaseScriptingObjects (0ms)
			CreateAndSetChildDomain (33ms)
		EndReloadAssembly (825ms)
			LoadAssemblies (90ms)
			RebuildTransferFunctionScriptingTraits (0ms)
			SetupTypeCache (283ms)
			ReleaseScriptCaches (1ms)
			RebuildScriptCaches (41ms)
			SetupLoadedEditorAssemblies (318ms)
=======
- Completed reload, in  2.210 seconds
Domain Reload Profiling:
	ReloadAssembly (2210ms)
		BeginReloadAssembly (256ms)
			ExecutionOrderSort (0ms)
			DisableScriptedObjects (10ms)
			BackupInstance (0ms)
			ReleaseScriptingObjects (0ms)
			CreateAndSetChildDomain (66ms)
		EndReloadAssembly (1824ms)
			LoadAssemblies (243ms)
			RebuildTransferFunctionScriptingTraits (0ms)
			SetupTypeCache (682ms)
			ReleaseScriptCaches (2ms)
			RebuildScriptCaches (92ms)
			SetupLoadedEditorAssemblies (648ms)
>>>>>>> Stashed changes
				LogAssemblyErrors (0ms)
				InitializePlatformSupportModulesInManaged (5ms)
				SetLoadedEditorAssemblies (0ms)
				RefreshPlugins (1ms)
				BeforeProcessingInitializeOnLoad (76ms)
				ProcessInitializeOnLoadAttributes (224ms)
				ProcessInitializeOnLoadMethodAttributes (8ms)
				AfterProcessingInitializeOnLoad (5ms)
				EditorAssembliesLoaded (0ms)
			ExecutionOrderSort2 (0ms)
			AwakeInstancesAfterBackupRestoration (6ms)
Platform modules already initialized, skipping
Refreshing native plugins compatible for Editor in 0.69 ms, found 2 plugins.
Preloading 0 native plugins for Editor in 0.00 ms.
Unloading 2259 Unused Serialized files (Serialized files now loaded: 0)
System memory in use before: 122.3 MB.
System memory in use after: 122.5 MB.

Unloading 15 unused Assets to reduce memory usage. Loaded Objects now: 2811.
Total: 3.025900 ms (FindLiveObjects: 0.202600 ms CreateObjectMapping: 0.103500 ms MarkObjects: 2.654100 ms  DeleteObjects: 0.064300 ms)

AssetImportParameters requested are different than current active one (requested -> active):
  custom:framework-win-MediaFoundation: 216162199b28c13a410421893ffa2e32 -> 
  custom:video-decoder-ogg-theora: a1e56fd34408186e4bbccfd4996cb3dc -> 
  custom:container-muxer-webm: aa71ff27fc2769a1b78a27578f13a17b -> 
  custom:container-demuxer-webm: 4f35f7cbe854078d1ac9338744f61a02 -> 
  custom:container-demuxer-ogg: 62fdf1f143b41e24485cea50d1cbac27 -> 
  custom:video-encoder-webm-vp8: eb34c28f22e8b96e1ab97ce403110664 -> 
  custom:video-codec-MediaFoundation-h265: 746d11721c4dcdbdad8f713fa42b33f4 -> 
  custom:video-decoder-webm-vp8: 9c59270c3fd7afecdb556c50c9e8de78 -> 
  custom:audio-decoder-ogg-vorbis: bf7c407c2cedff20999df2af8eb42d56 -> 
  custom:audio-encoder-webm-vorbis: bf7c407c2cedff20999df2af8eb42d56 -> 
========================================================================
Received Prepare
Registering precompiled user dll's ...
Registered in 0.007505 seconds.
Begin MonoManager ReloadAssembly
Native extension for WindowsStandalone target not found
Refreshing native plugins compatible for Editor in 0.79 ms, found 2 plugins.
Preloading 0 native plugins for Editor in 0.00 ms.
Warning: Annotation not found!
UnityEngine.StackTraceUtility:ExtractStackTrace ()
UnityEditor.ProBuilder.EditorUtility:SetGizmoIconEnabled (System.Type,bool) (at Library/PackageCache/com.unity.probuilder@5.0.3/Editor/EditorCore/EditorUtility.cs:575)
UnityEditor.ProBuilder.HierarchyListener:.cctor () (at Library/PackageCache/com.unity.probuilder@5.0.3/Editor/EditorCore/HierarchyListener.cs:21)
System.Runtime.CompilerServices.RuntimeHelpers:RunClassConstructor (System.RuntimeTypeHandle)
UnityEditor.EditorAssemblies:ProcessInitializeOnLoadAttributes (System.Type[])

[Library/PackageCache/com.unity.probuilder@5.0.3/Editor/EditorCore/EditorUtility.cs line 575]

Mono: successfully reloaded assembly
- Completed reload, in  1.372 seconds
Domain Reload Profiling:
	ReloadAssembly (1373ms)
		BeginReloadAssembly (161ms)
			ExecutionOrderSort (0ms)
			DisableScriptedObjects (6ms)
			BackupInstance (0ms)
			ReleaseScriptingObjects (0ms)
			CreateAndSetChildDomain (37ms)
		EndReloadAssembly (1103ms)
			LoadAssemblies (167ms)
			RebuildTransferFunctionScriptingTraits (0ms)
			SetupTypeCache (352ms)
			ReleaseScriptCaches (1ms)
			RebuildScriptCaches (57ms)
			SetupLoadedEditorAssemblies (339ms)
				LogAssemblyErrors (0ms)
				InitializePlatformSupportModulesInManaged (6ms)
				SetLoadedEditorAssemblies (1ms)
<<<<<<< Updated upstream
				RefreshPlugins (1ms)
				BeforeProcessingInitializeOnLoad (78ms)
				ProcessInitializeOnLoadAttributes (240ms)
				ProcessInitializeOnLoadMethodAttributes (9ms)
				AfterProcessingInitializeOnLoad (5ms)
				EditorAssembliesLoaded (0ms)
			ExecutionOrderSort2 (0ms)
			AwakeInstancesAfterBackupRestoration (6ms)
Platform modules already initialized, skipping
Refreshing native plugins compatible for Editor in 0.69 ms, found 2 plugins.
Preloading 0 native plugins for Editor in 0.00 ms.
Unloading 2259 Unused Serialized files (Serialized files now loaded: 0)
System memory in use before: 122.3 MB.
System memory in use after: 122.5 MB.

Unloading 15 unused Assets to reduce memory usage. Loaded Objects now: 2813.
Total: 3.306700 ms (FindLiveObjects: 0.230500 ms CreateObjectMapping: 0.115100 ms MarkObjects: 2.895400 ms  DeleteObjects: 0.064600 ms)
=======
				RefreshPlugins (2ms)
				BeforeProcessingInitializeOnLoad (167ms)
				ProcessInitializeOnLoadAttributes (443ms)
				ProcessInitializeOnLoadMethodAttributes (16ms)
				AfterProcessingInitializeOnLoad (8ms)
				EditorAssembliesLoaded (0ms)
			ExecutionOrderSort2 (0ms)
			AwakeInstancesAfterBackupRestoration (12ms)
Platform modules already initialized, skipping
Refreshing native plugins compatible for Editor in 1.67 ms, found 2 plugins.
Preloading 0 native plugins for Editor in 0.00 ms.
Unloading 2261 Unused Serialized files (Serialized files now loaded: 0)
System memory in use before: 106.5 MB.
System memory in use after: 106.7 MB.

Unloading 15 unused Assets to reduce memory usage. Loaded Objects now: 2818.
Total: 9.418300 ms (FindLiveObjects: 0.677500 ms CreateObjectMapping: 0.437200 ms MarkObjects: 8.115200 ms  DeleteObjects: 0.185600 ms)
>>>>>>> Stashed changes

AssetImportParameters requested are different than current active one (requested -> active):
  custom:framework-win-MediaFoundation: 216162199b28c13a410421893ffa2e32 -> 
  custom:video-decoder-ogg-theora: a1e56fd34408186e4bbccfd4996cb3dc -> 
  custom:container-muxer-webm: aa71ff27fc2769a1b78a27578f13a17b -> 
  custom:container-demuxer-webm: 4f35f7cbe854078d1ac9338744f61a02 -> 
  custom:container-demuxer-ogg: 62fdf1f143b41e24485cea50d1cbac27 -> 
  custom:video-encoder-webm-vp8: eb34c28f22e8b96e1ab97ce403110664 -> 
<<<<<<< Updated upstream
  custom:video-codec-MediaFoundation-h265: 746d11721c4dcdbdad8f713fa42b33f4 -> 
=======
>>>>>>> Stashed changes
  custom:video-decoder-webm-vp8: 9c59270c3fd7afecdb556c50c9e8de78 -> 
  custom:audio-decoder-ogg-vorbis: bf7c407c2cedff20999df2af8eb42d56 -> 
  custom:audio-encoder-webm-vorbis: bf7c407c2cedff20999df2af8eb42d56 -> 
========================================================================
<<<<<<< Updated upstream
Received Import Request.
  Time since last request: 82.709584 seconds.
  path: Assets/Scripts/Mob.cs
  artifactKey: Guid(f4b85e34cd53dac4cae4f1a8e4585ad6) Importer(815301076,1909f56bfc062723c751e8b465ee728b)
Start importing Assets/Scripts/Mob.cs using Guid(f4b85e34cd53dac4cae4f1a8e4585ad6) Importer(815301076,1909f56bfc062723c751e8b465ee728b)  -> (artifact id: '8fc485aa127eb532e0d587f15c7e72eb') in 0.016097 seconds 
  Import took 0.050142 seconds .

========================================================================
Received Import Request.
  Time since last request: 76.239933 seconds.
  path: Assets/LowPolySkeleton/LowPolySkeleton_Animations/walk.anim
  artifactKey: Guid(02faad2d77b913f40934a9b87cc3a09d) Importer(815301076,1909f56bfc062723c751e8b465ee728b)
Start importing Assets/LowPolySkeleton/LowPolySkeleton_Animations/walk.anim using Guid(02faad2d77b913f40934a9b87cc3a09d) Importer(815301076,1909f56bfc062723c751e8b465ee728b)  -> (artifact id: 'b53fc2a7e46af0ca8be56d3e621b88e2') in 0.031416 seconds 
  Import took 0.035207 seconds .

========================================================================
Received Prepare
Registering precompiled user dll's ...
Registered in 0.004176 seconds.
Begin MonoManager ReloadAssembly
Native extension for WindowsStandalone target not found
Refreshing native plugins compatible for Editor in 0.72 ms, found 2 plugins.
=======
Received Prepare
Registering precompiled user dll's ...
Registered in 0.018392 seconds.
Begin MonoManager ReloadAssembly
Native extension for WindowsStandalone target not found
Refreshing native plugins compatible for Editor in 1.38 ms, found 2 plugins.
>>>>>>> Stashed changes
Preloading 0 native plugins for Editor in 0.00 ms.
Warning: Annotation not found!
UnityEngine.StackTraceUtility:ExtractStackTrace ()
UnityEditor.ProBuilder.EditorUtility:SetGizmoIconEnabled (System.Type,bool) (at Library/PackageCache/com.unity.probuilder@5.0.3/Editor/EditorCore/EditorUtility.cs:575)
UnityEditor.ProBuilder.HierarchyListener:.cctor () (at Library/PackageCache/com.unity.probuilder@5.0.3/Editor/EditorCore/HierarchyListener.cs:21)
System.Runtime.CompilerServices.RuntimeHelpers:RunClassConstructor (System.RuntimeTypeHandle)
UnityEditor.EditorAssemblies:ProcessInitializeOnLoadAttributes (System.Type[])

[Library/PackageCache/com.unity.probuilder@5.0.3/Editor/EditorCore/EditorUtility.cs line 575]

Mono: successfully reloaded assembly
<<<<<<< Updated upstream
- Completed reload, in  1.003 seconds
Domain Reload Profiling:
	ReloadAssembly (1003ms)
		BeginReloadAssembly (110ms)
			ExecutionOrderSort (0ms)
			DisableScriptedObjects (4ms)
			BackupInstance (0ms)
			ReleaseScriptingObjects (0ms)
			CreateAndSetChildDomain (36ms)
		EndReloadAssembly (832ms)
			LoadAssemblies (88ms)
			RebuildTransferFunctionScriptingTraits (0ms)
			SetupTypeCache (291ms)
			ReleaseScriptCaches (1ms)
			RebuildScriptCaches (43ms)
			SetupLoadedEditorAssemblies (310ms)
				LogAssemblyErrors (0ms)
				InitializePlatformSupportModulesInManaged (5ms)
				SetLoadedEditorAssemblies (0ms)
				RefreshPlugins (1ms)
				BeforeProcessingInitializeOnLoad (73ms)
				ProcessInitializeOnLoadAttributes (218ms)
				ProcessInitializeOnLoadMethodAttributes (8ms)
				AfterProcessingInitializeOnLoad (5ms)
				EditorAssembliesLoaded (0ms)
			ExecutionOrderSort2 (0ms)
			AwakeInstancesAfterBackupRestoration (7ms)
Platform modules already initialized, skipping
Refreshing native plugins compatible for Editor in 0.69 ms, found 2 plugins.
Preloading 0 native plugins for Editor in 0.00 ms.
Unloading 2259 Unused Serialized files (Serialized files now loaded: 0)
System memory in use before: 122.3 MB.
System memory in use after: 122.4 MB.

Unloading 15 unused Assets to reduce memory usage. Loaded Objects now: 2815.
Total: 3.725300 ms (FindLiveObjects: 0.250900 ms CreateObjectMapping: 0.101000 ms MarkObjects: 3.307700 ms  DeleteObjects: 0.064700 ms)
=======
- Completed reload, in  2.282 seconds
Domain Reload Profiling:
	ReloadAssembly (2285ms)
		BeginReloadAssembly (403ms)
			ExecutionOrderSort (0ms)
			DisableScriptedObjects (11ms)
			BackupInstance (0ms)
			ReleaseScriptingObjects (0ms)
			CreateAndSetChildDomain (93ms)
		EndReloadAssembly (1753ms)
			LoadAssemblies (317ms)
			RebuildTransferFunctionScriptingTraits (0ms)
			SetupTypeCache (654ms)
			ReleaseScriptCaches (2ms)
			RebuildScriptCaches (92ms)
			SetupLoadedEditorAssemblies (616ms)
				LogAssemblyErrors (0ms)
				InitializePlatformSupportModulesInManaged (11ms)
				SetLoadedEditorAssemblies (1ms)
				RefreshPlugins (2ms)
				BeforeProcessingInitializeOnLoad (156ms)
				ProcessInitializeOnLoadAttributes (427ms)
				ProcessInitializeOnLoadMethodAttributes (14ms)
				AfterProcessingInitializeOnLoad (5ms)
				EditorAssembliesLoaded (0ms)
			ExecutionOrderSort2 (0ms)
			AwakeInstancesAfterBackupRestoration (13ms)
Platform modules already initialized, skipping
Refreshing native plugins compatible for Editor in 1.96 ms, found 2 plugins.
Preloading 0 native plugins for Editor in 0.00 ms.
Unloading 2261 Unused Serialized files (Serialized files now loaded: 0)
System memory in use before: 106.5 MB.
System memory in use after: 106.7 MB.

Unloading 15 unused Assets to reduce memory usage. Loaded Objects now: 2820.
Total: 10.908800 ms (FindLiveObjects: 0.783900 ms CreateObjectMapping: 0.201300 ms MarkObjects: 9.744600 ms  DeleteObjects: 0.176600 ms)
>>>>>>> Stashed changes

AssetImportParameters requested are different than current active one (requested -> active):
  custom:framework-win-MediaFoundation: 216162199b28c13a410421893ffa2e32 -> 
  custom:video-decoder-ogg-theora: a1e56fd34408186e4bbccfd4996cb3dc -> 
  custom:container-muxer-webm: aa71ff27fc2769a1b78a27578f13a17b -> 
  custom:container-demuxer-webm: 4f35f7cbe854078d1ac9338744f61a02 -> 
  custom:container-demuxer-ogg: 62fdf1f143b41e24485cea50d1cbac27 -> 
  custom:video-encoder-webm-vp8: eb34c28f22e8b96e1ab97ce403110664 -> 
<<<<<<< Updated upstream
  custom:video-codec-MediaFoundation-h265: 746d11721c4dcdbdad8f713fa42b33f4 -> 
=======
>>>>>>> Stashed changes
  custom:video-decoder-webm-vp8: 9c59270c3fd7afecdb556c50c9e8de78 -> 
  custom:audio-decoder-ogg-vorbis: bf7c407c2cedff20999df2af8eb42d56 -> 
  custom:audio-encoder-webm-vorbis: bf7c407c2cedff20999df2af8eb42d56 -> 
========================================================================
<<<<<<< Updated upstream
Received Import Request.
  Time since last request: 60.142617 seconds.
  path: Assets/MyPrefabs/FirstPersonController.prefab
  artifactKey: Guid(e8f5b3673f66ad743affe1db16391ed9) Importer(815301076,1909f56bfc062723c751e8b465ee728b)
Start importing Assets/MyPrefabs/FirstPersonController.prefab using Guid(e8f5b3673f66ad743affe1db16391ed9) Importer(815301076,1909f56bfc062723c751e8b465ee728b)  -> (artifact id: 'c1a029e39e1d1fd429923dce8c2c64f5') in 0.086350 seconds 
  Import took 0.144643 seconds .

========================================================================
Received Import Request.
  Time since last request: 0.000149 seconds.
  path: Assets/MyPrefabs/LowPolySkeleton.prefab
  artifactKey: Guid(6e4019dcbde26c8408f888128d0a9a67) Importer(815301076,1909f56bfc062723c751e8b465ee728b)
Start importing Assets/MyPrefabs/LowPolySkeleton.prefab using Guid(6e4019dcbde26c8408f888128d0a9a67) Importer(815301076,1909f56bfc062723c751e8b465ee728b)  -> (artifact id: '2dd9e60b4cf025fc79032f79d2ed3f91') in 0.067501 seconds 
  Import took 0.091229 seconds .

========================================================================
Received Prepare
Registering precompiled user dll's ...
Registered in 0.004107 seconds.
Begin MonoManager ReloadAssembly
Native extension for WindowsStandalone target not found
Refreshing native plugins compatible for Editor in 0.81 ms, found 2 plugins.
=======
Received Prepare
The file 'UserSettings/EditorUserSettings.asset' seems to have merge conflicts. Please open it in a text editor and fix the merge.
Trying to reload asset but can't find object on disk
Registering precompiled user dll's ...
Registered in 0.041746 seconds.
Begin MonoManager ReloadAssembly
Native extension for WindowsStandalone target not found
Refreshing native plugins compatible for Editor in 1.38 ms, found 2 plugins.
>>>>>>> Stashed changes
Preloading 0 native plugins for Editor in 0.00 ms.
Warning: Annotation not found!
UnityEngine.StackTraceUtility:ExtractStackTrace ()
UnityEditor.ProBuilder.EditorUtility:SetGizmoIconEnabled (System.Type,bool) (at Library/PackageCache/com.unity.probuilder@5.0.3/Editor/EditorCore/EditorUtility.cs:575)
UnityEditor.ProBuilder.HierarchyListener:.cctor () (at Library/PackageCache/com.unity.probuilder@5.0.3/Editor/EditorCore/HierarchyListener.cs:21)
System.Runtime.CompilerServices.RuntimeHelpers:RunClassConstructor (System.RuntimeTypeHandle)
UnityEditor.EditorAssemblies:ProcessInitializeOnLoadAttributes (System.Type[])

[Library/PackageCache/com.unity.probuilder@5.0.3/Editor/EditorCore/EditorUtility.cs line 575]

Mono: successfully reloaded assembly
<<<<<<< Updated upstream
- Completed reload, in  1.013 seconds
Domain Reload Profiling:
	ReloadAssembly (1013ms)
		BeginReloadAssembly (103ms)
			ExecutionOrderSort (0ms)
			DisableScriptedObjects (4ms)
			BackupInstance (0ms)
			ReleaseScriptingObjects (0ms)
			CreateAndSetChildDomain (32ms)
		EndReloadAssembly (853ms)
			LoadAssemblies (87ms)
			RebuildTransferFunctionScriptingTraits (0ms)
			SetupTypeCache (292ms)
			ReleaseScriptCaches (1ms)
			RebuildScriptCaches (42ms)
			SetupLoadedEditorAssemblies (330ms)
				LogAssemblyErrors (0ms)
				InitializePlatformSupportModulesInManaged (5ms)
				SetLoadedEditorAssemblies (0ms)
				RefreshPlugins (1ms)
				BeforeProcessingInitializeOnLoad (78ms)
				ProcessInitializeOnLoadAttributes (232ms)
				ProcessInitializeOnLoadMethodAttributes (8ms)
				AfterProcessingInitializeOnLoad (5ms)
				EditorAssembliesLoaded (0ms)
			ExecutionOrderSort2 (0ms)
			AwakeInstancesAfterBackupRestoration (7ms)
Platform modules already initialized, skipping
Refreshing native plugins compatible for Editor in 0.68 ms, found 2 plugins.
Preloading 0 native plugins for Editor in 0.00 ms.
Unloading 2259 Unused Serialized files (Serialized files now loaded: 0)
System memory in use before: 122.4 MB.
System memory in use after: 122.6 MB.

Unloading 17 unused Assets to reduce memory usage. Loaded Objects now: 2819.
Total: 4.114300 ms (FindLiveObjects: 0.216900 ms CreateObjectMapping: 0.105700 ms MarkObjects: 3.685400 ms  DeleteObjects: 0.104700 ms)

AssetImportParameters requested are different than current active one (requested -> active):
  custom:framework-win-MediaFoundation: 216162199b28c13a410421893ffa2e32 -> 
  custom:video-decoder-ogg-theora: a1e56fd34408186e4bbccfd4996cb3dc -> 
  custom:container-muxer-webm: aa71ff27fc2769a1b78a27578f13a17b -> 
  custom:container-demuxer-webm: 4f35f7cbe854078d1ac9338744f61a02 -> 
  custom:container-demuxer-ogg: 62fdf1f143b41e24485cea50d1cbac27 -> 
  custom:video-encoder-webm-vp8: eb34c28f22e8b96e1ab97ce403110664 -> 
  custom:video-codec-MediaFoundation-h265: 746d11721c4dcdbdad8f713fa42b33f4 -> 
  custom:video-decoder-webm-vp8: 9c59270c3fd7afecdb556c50c9e8de78 -> 
  custom:audio-decoder-ogg-vorbis: bf7c407c2cedff20999df2af8eb42d56 -> 
  custom:audio-encoder-webm-vorbis: bf7c407c2cedff20999df2af8eb42d56 -> 
========================================================================
Received Prepare
Registering precompiled user dll's ...
Registered in 0.004204 seconds.
Begin MonoManager ReloadAssembly
Native extension for WindowsStandalone target not found
Refreshing native plugins compatible for Editor in 0.69 ms, found 2 plugins.
Preloading 0 native plugins for Editor in 0.00 ms.
Warning: Annotation not found!
UnityEngine.StackTraceUtility:ExtractStackTrace ()
UnityEditor.ProBuilder.EditorUtility:SetGizmoIconEnabled (System.Type,bool) (at Library/PackageCache/com.unity.probuilder@5.0.3/Editor/EditorCore/EditorUtility.cs:575)
UnityEditor.ProBuilder.HierarchyListener:.cctor () (at Library/PackageCache/com.unity.probuilder@5.0.3/Editor/EditorCore/HierarchyListener.cs:21)
System.Runtime.CompilerServices.RuntimeHelpers:RunClassConstructor (System.RuntimeTypeHandle)
UnityEditor.EditorAssemblies:ProcessInitializeOnLoadAttributes (System.Type[])

[Library/PackageCache/com.unity.probuilder@5.0.3/Editor/EditorCore/EditorUtility.cs line 575]

Mono: successfully reloaded assembly
- Completed reload, in  0.987 seconds
Domain Reload Profiling:
	ReloadAssembly (987ms)
		BeginReloadAssembly (102ms)
			ExecutionOrderSort (0ms)
			DisableScriptedObjects (4ms)
			BackupInstance (0ms)
			ReleaseScriptingObjects (0ms)
			CreateAndSetChildDomain (30ms)
		EndReloadAssembly (823ms)
			LoadAssemblies (88ms)
			RebuildTransferFunctionScriptingTraits (0ms)
			SetupTypeCache (286ms)
			ReleaseScriptCaches (1ms)
			RebuildScriptCaches (41ms)
			SetupLoadedEditorAssemblies (312ms)
				LogAssemblyErrors (0ms)
				InitializePlatformSupportModulesInManaged (6ms)
				SetLoadedEditorAssemblies (0ms)
				RefreshPlugins (1ms)
				BeforeProcessingInitializeOnLoad (75ms)
				ProcessInitializeOnLoadAttributes (217ms)
				ProcessInitializeOnLoadMethodAttributes (8ms)
				AfterProcessingInitializeOnLoad (5ms)
				EditorAssembliesLoaded (0ms)
			ExecutionOrderSort2 (0ms)
			AwakeInstancesAfterBackupRestoration (7ms)
Platform modules already initialized, skipping
Refreshing native plugins compatible for Editor in 0.70 ms, found 2 plugins.
Preloading 0 native plugins for Editor in 0.00 ms.
Unloading 2259 Unused Serialized files (Serialized files now loaded: 0)
System memory in use before: 122.5 MB.
System memory in use after: 122.7 MB.

Unloading 15 unused Assets to reduce memory usage. Loaded Objects now: 2821.
Total: 3.600100 ms (FindLiveObjects: 0.227300 ms CreateObjectMapping: 0.098600 ms MarkObjects: 3.210800 ms  DeleteObjects: 0.062400 ms)
=======
- Completed reload, in  2.653 seconds
Domain Reload Profiling:
	ReloadAssembly (2663ms)
		BeginReloadAssembly (492ms)
			ExecutionOrderSort (0ms)
			DisableScriptedObjects (18ms)
			BackupInstance (0ms)
			ReleaseScriptingObjects (0ms)
			CreateAndSetChildDomain (208ms)
		EndReloadAssembly (2025ms)
			LoadAssemblies (278ms)
			RebuildTransferFunctionScriptingTraits (0ms)
			SetupTypeCache (790ms)
			ReleaseScriptCaches (2ms)
			RebuildScriptCaches (106ms)
			SetupLoadedEditorAssemblies (660ms)
				LogAssemblyErrors (0ms)
				InitializePlatformSupportModulesInManaged (11ms)
				SetLoadedEditorAssemblies (1ms)
				RefreshPlugins (2ms)
				BeforeProcessingInitializeOnLoad (163ms)
				ProcessInitializeOnLoadAttributes (462ms)
				ProcessInitializeOnLoadMethodAttributes (15ms)
				AfterProcessingInitializeOnLoad (6ms)
				EditorAssembliesLoaded (0ms)
			ExecutionOrderSort2 (0ms)
			AwakeInstancesAfterBackupRestoration (13ms)
Platform modules already initialized, skipping
Refreshing native plugins compatible for Editor in 2.01 ms, found 2 plugins.
Preloading 0 native plugins for Editor in 0.00 ms.
Unloading 2261 Unused Serialized files (Serialized files now loaded: 0)
System memory in use before: 106.5 MB.
System memory in use after: 106.7 MB.

Unloading 15 unused Assets to reduce memory usage. Loaded Objects now: 2822.
Total: 9.034100 ms (FindLiveObjects: 0.755700 ms CreateObjectMapping: 0.205300 ms MarkObjects: 7.706500 ms  DeleteObjects: 0.363400 ms)
>>>>>>> Stashed changes

AssetImportParameters requested are different than current active one (requested -> active):
  custom:framework-win-MediaFoundation: 216162199b28c13a410421893ffa2e32 -> 
  custom:video-decoder-ogg-theora: a1e56fd34408186e4bbccfd4996cb3dc -> 
  custom:container-muxer-webm: aa71ff27fc2769a1b78a27578f13a17b -> 
  custom:container-demuxer-webm: 4f35f7cbe854078d1ac9338744f61a02 -> 
  custom:container-demuxer-ogg: 62fdf1f143b41e24485cea50d1cbac27 -> 
  custom:video-encoder-webm-vp8: eb34c28f22e8b96e1ab97ce403110664 -> 
  custom:video-codec-MediaFoundation-h265: 746d11721c4dcdbdad8f713fa42b33f4 -> 
  custom:video-decoder-webm-vp8: 9c59270c3fd7afecdb556c50c9e8de78 -> 
  custom:audio-decoder-ogg-vorbis: bf7c407c2cedff20999df2af8eb42d56 -> 
  custom:audio-encoder-webm-vorbis: bf7c407c2cedff20999df2af8eb42d56 -> 
========================================================================
Received Prepare
Registering precompiled user dll's ...
Registered in 0.004024 seconds.
Begin MonoManager ReloadAssembly
Native extension for WindowsStandalone target not found
Refreshing native plugins compatible for Editor in 0.72 ms, found 2 plugins.
Preloading 0 native plugins for Editor in 0.00 ms.
Warning: Annotation not found!
UnityEngine.StackTraceUtility:ExtractStackTrace ()
UnityEditor.ProBuilder.EditorUtility:SetGizmoIconEnabled (System.Type,bool) (at Library/PackageCache/com.unity.probuilder@5.0.3/Editor/EditorCore/EditorUtility.cs:575)
UnityEditor.ProBuilder.HierarchyListener:.cctor () (at Library/PackageCache/com.unity.probuilder@5.0.3/Editor/EditorCore/HierarchyListener.cs:21)
System.Runtime.CompilerServices.RuntimeHelpers:RunClassConstructor (System.RuntimeTypeHandle)
UnityEditor.EditorAssemblies:ProcessInitializeOnLoadAttributes (System.Type[])

[Library/PackageCache/com.unity.probuilder@5.0.3/Editor/EditorCore/EditorUtility.cs line 575]

Mono: successfully reloaded assembly
- Completed reload, in  0.970 seconds
Domain Reload Profiling:
	ReloadAssembly (970ms)
		BeginReloadAssembly (107ms)
			ExecutionOrderSort (0ms)
			DisableScriptedObjects (4ms)
			BackupInstance (0ms)
			ReleaseScriptingObjects (0ms)
			CreateAndSetChildDomain (32ms)
		EndReloadAssembly (801ms)
			LoadAssemblies (85ms)
			RebuildTransferFunctionScriptingTraits (0ms)
			SetupTypeCache (282ms)
			ReleaseScriptCaches (1ms)
			RebuildScriptCaches (40ms)
			SetupLoadedEditorAssemblies (302ms)
				LogAssemblyErrors (0ms)
				InitializePlatformSupportModulesInManaged (5ms)
				SetLoadedEditorAssemblies (0ms)
				RefreshPlugins (1ms)
				BeforeProcessingInitializeOnLoad (72ms)
				ProcessInitializeOnLoadAttributes (211ms)
				ProcessInitializeOnLoadMethodAttributes (7ms)
				AfterProcessingInitializeOnLoad (5ms)
				EditorAssembliesLoaded (0ms)
			ExecutionOrderSort2 (0ms)
			AwakeInstancesAfterBackupRestoration (6ms)
Platform modules already initialized, skipping
Refreshing native plugins compatible for Editor in 0.68 ms, found 2 plugins.
Preloading 0 native plugins for Editor in 0.00 ms.
Unloading 2259 Unused Serialized files (Serialized files now loaded: 0)
System memory in use before: 122.5 MB.
System memory in use after: 122.7 MB.

Unloading 15 unused Assets to reduce memory usage. Loaded Objects now: 2823.
Total: 3.879100 ms (FindLiveObjects: 0.197600 ms CreateObjectMapping: 0.087500 ms MarkObjects: 3.526400 ms  DeleteObjects: 0.066200 ms)

AssetImportParameters requested are different than current active one (requested -> active):
  custom:framework-win-MediaFoundation: 216162199b28c13a410421893ffa2e32 -> 
  custom:video-decoder-ogg-theora: a1e56fd34408186e4bbccfd4996cb3dc -> 
  custom:container-muxer-webm: aa71ff27fc2769a1b78a27578f13a17b -> 
  custom:container-demuxer-webm: 4f35f7cbe854078d1ac9338744f61a02 -> 
  custom:container-demuxer-ogg: 62fdf1f143b41e24485cea50d1cbac27 -> 
  custom:video-encoder-webm-vp8: eb34c28f22e8b96e1ab97ce403110664 -> 
  custom:video-codec-MediaFoundation-h265: 746d11721c4dcdbdad8f713fa42b33f4 -> 
  custom:video-decoder-webm-vp8: 9c59270c3fd7afecdb556c50c9e8de78 -> 
  custom:audio-decoder-ogg-vorbis: bf7c407c2cedff20999df2af8eb42d56 -> 
  custom:audio-encoder-webm-vorbis: bf7c407c2cedff20999df2af8eb42d56 -> 
========================================================================
Received Import Request.
  Time since last request: 349.153658 seconds.
  path: Assets/MyPrefabs/LowPolySkeleton.prefab
  artifactKey: Guid(6e4019dcbde26c8408f888128d0a9a67) Importer(815301076,1909f56bfc062723c751e8b465ee728b)
Start importing Assets/MyPrefabs/LowPolySkeleton.prefab using Guid(6e4019dcbde26c8408f888128d0a9a67) Importer(815301076,1909f56bfc062723c751e8b465ee728b)  -> (artifact id: '369a19c6094f0cd40480efd227f58fd3') in 0.106578 seconds 
  Import took 0.148805 seconds .

========================================================================
Received Import Request.
  Time since last request: 1.954373 seconds.
  path: Assets/LowPolySkeleton/LowPolySkeleton_3DModel/LowPolySkeleton_Background_Unity.fbx
  artifactKey: Guid(fdae1ae57a3fda44fb2970dd42deb6b7) Importer(815301076,1909f56bfc062723c751e8b465ee728b)
Start importing Assets/LowPolySkeleton/LowPolySkeleton_3DModel/LowPolySkeleton_Background_Unity.fbx using Guid(fdae1ae57a3fda44fb2970dd42deb6b7) Importer(815301076,1909f56bfc062723c751e8b465ee728b)  -> (artifact id: '382acec7b51dba4a94d7b71dea1be2c4') in 0.134474 seconds 
  Import took 0.174027 seconds .

========================================================================
Received Import Request.
  Time since last request: 0.000220 seconds.
  path: Assets/LowPolySkeleton/LowPolySkeleton_3DModel/LowPolySkeleton_Unity.fbx
  artifactKey: Guid(5ef67247d1c334d41bd49c9719015c6e) Importer(815301076,1909f56bfc062723c751e8b465ee728b)
Start importing Assets/LowPolySkeleton/LowPolySkeleton_3DModel/LowPolySkeleton_Unity.fbx using Guid(5ef67247d1c334d41bd49c9719015c6e) Importer(815301076,1909f56bfc062723c751e8b465ee728b)  -> (artifact id: '6a7b4f4ec3dd85b55e605b85587fbb90') in 0.063744 seconds 
  Import took 0.100454 seconds .

========================================================================
Received Import Request.
  Time since last request: 0.494702 seconds.
  path: Assets/LowPolySkeleton/LowPolySkeleton_TexturesMat/Background_AmbientOcclusion.tga
  artifactKey: Guid(7a9e6a15ec03b5647bef26aaea6e8d75) Importer(815301076,1909f56bfc062723c751e8b465ee728b)
Start importing Assets/LowPolySkeleton/LowPolySkeleton_TexturesMat/Background_AmbientOcclusion.tga using Guid(7a9e6a15ec03b5647bef26aaea6e8d75) Importer(815301076,1909f56bfc062723c751e8b465ee728b)  -> (artifact id: 'de600c0a7fb8a2eb19d7a83e01a7d01f') in 0.018698 seconds 
  Import took 0.114418 seconds .

========================================================================
Received Import Request.
  Time since last request: 0.000237 seconds.
  path: Assets/LowPolySkeleton/LowPolySkeleton_TexturesMat/Background_NormalOpenGL.tga
  artifactKey: Guid(fb8fb20f49199214193a3e56dcbd70e0) Importer(815301076,1909f56bfc062723c751e8b465ee728b)
Start importing Assets/LowPolySkeleton/LowPolySkeleton_TexturesMat/Background_NormalOpenGL.tga using Guid(fb8fb20f49199214193a3e56dcbd70e0) Importer(815301076,1909f56bfc062723c751e8b465ee728b)  -> (artifact id: '94e18f277b6a5aa9a4a746e2beb1ffcc') in 0.053556 seconds 
  Import took 0.071433 seconds .

========================================================================
Received Import Request.
  Time since last request: 0.000256 seconds.
  path: Assets/LowPolySkeleton/LowPolySkeleton_TexturesMat/Envieroment_AmbientOcclusion.tga
  artifactKey: Guid(6786474d07026c240bd88cbbbf7c5b04) Importer(815301076,1909f56bfc062723c751e8b465ee728b)
Start importing Assets/LowPolySkeleton/LowPolySkeleton_TexturesMat/Envieroment_AmbientOcclusion.tga using Guid(6786474d07026c240bd88cbbbf7c5b04) Importer(815301076,1909f56bfc062723c751e8b465ee728b)  -> (artifact id: 'a28d84af9244a15eb66f88ffd7b03ef6') in 0.018455 seconds 
  Import took 0.050207 seconds .

========================================================================
Received Import Request.
  Time since last request: 0.000231 seconds.
  path: Assets/LowPolySkeleton/LowPolySkeleton_TexturesMat/Background_MetallicSmoothness.tga
  artifactKey: Guid(1e1e9840c35408c47824a6f14cf9eb6b) Importer(815301076,1909f56bfc062723c751e8b465ee728b)
Start importing Assets/LowPolySkeleton/LowPolySkeleton_TexturesMat/Background_MetallicSmoothness.tga using Guid(1e1e9840c35408c47824a6f14cf9eb6b) Importer(815301076,1909f56bfc062723c751e8b465ee728b)  -> (artifact id: '7d05ddfd7d80c7dd58126087bf6b0a06') in 0.015385 seconds 
  Import took 0.097200 seconds .

========================================================================
Received Import Request.
  Time since last request: 0.000234 seconds.
  path: Assets/LowPolySkeleton/LowPolySkeleton_TexturesMat/Envieroment_BaseColor.tga
  artifactKey: Guid(3c6fbc6f755ed6a4eac8238d99098b83) Importer(815301076,1909f56bfc062723c751e8b465ee728b)
Start importing Assets/LowPolySkeleton/LowPolySkeleton_TexturesMat/Envieroment_BaseColor.tga using Guid(3c6fbc6f755ed6a4eac8238d99098b83) Importer(815301076,1909f56bfc062723c751e8b465ee728b)  -> (artifact id: 'ed972d13c98253cddbd143673bd9e051') in 0.018098 seconds 
  Import took 0.037360 seconds .

========================================================================
Received Import Request.
  Time since last request: 0.000223 seconds.
  path: Assets/LowPolySkeleton/LowPolySkeleton_TexturesMat/Envieroment_NormalOpenGL.tga
  artifactKey: Guid(920608c3a1ee989498c8ab6f36c82adf) Importer(815301076,1909f56bfc062723c751e8b465ee728b)
Start importing Assets/LowPolySkeleton/LowPolySkeleton_TexturesMat/Envieroment_NormalOpenGL.tga using Guid(920608c3a1ee989498c8ab6f36c82adf) Importer(815301076,1909f56bfc062723c751e8b465ee728b)  -> (artifact id: 'aba3f3579e5404af07b87585da223060') in 0.021516 seconds 
  Import took 0.026482 seconds .

========================================================================
Received Import Request.
  Time since last request: 0.000268 seconds.
  path: Assets/LowPolySkeleton/LowPolySkeleton_TexturesMat/Background_BaseColor.tga
  artifactKey: Guid(9023cd1afd7152648877f92a7153eecc) Importer(815301076,1909f56bfc062723c751e8b465ee728b)
Start importing Assets/LowPolySkeleton/LowPolySkeleton_TexturesMat/Background_BaseColor.tga using Guid(9023cd1afd7152648877f92a7153eecc) Importer(815301076,1909f56bfc062723c751e8b465ee728b)  -> (artifact id: 'b7eccc1a49aa2a55d147685c619216f2') in 0.019394 seconds 
  Import took 0.041399 seconds .

========================================================================
Received Import Request.
  Time since last request: 0.000146 seconds.
  path: Assets/LowPolySkeleton/LowPolySkeleton_TexturesMat/Background_Roughness.tga
  artifactKey: Guid(b40a1ecb0ba251f48b07e537122d49c1) Importer(815301076,1909f56bfc062723c751e8b465ee728b)
Start importing Assets/LowPolySkeleton/LowPolySkeleton_TexturesMat/Background_Roughness.tga using Guid(b40a1ecb0ba251f48b07e537122d49c1) Importer(815301076,1909f56bfc062723c751e8b465ee728b)  -> (artifact id: '050ffb29580cd6ce82b7c5ccc49be1a3') in 0.019489 seconds 
  Import took 0.024013 seconds .

========================================================================
Received Import Request.
  Time since last request: 0.000155 seconds.
  path: Assets/LowPolySkeleton/LowPolySkeleton_TexturesMat/Envieroment_MetallicSmoothness.tga
  artifactKey: Guid(18c1cf5d94a8f14428338a0489ebba7b) Importer(815301076,1909f56bfc062723c751e8b465ee728b)
Start importing Assets/LowPolySkeleton/LowPolySkeleton_TexturesMat/Envieroment_MetallicSmoothness.tga using Guid(18c1cf5d94a8f14428338a0489ebba7b) Importer(815301076,1909f56bfc062723c751e8b465ee728b)  -> (artifact id: 'ad7010050a91d1cf3ad5841e9fda47eb') in 0.017570 seconds 
  Import took 0.021819 seconds .

========================================================================
Received Import Request.
  Time since last request: 0.392011 seconds.
  path: Assets/LowPolySkeleton/LowPolySkeleton_TexturesMat/Envieroment_Roughness.tga
  artifactKey: Guid(457349562a956544ca2c9d04368373f3) Importer(815301076,1909f56bfc062723c751e8b465ee728b)
Start importing Assets/LowPolySkeleton/LowPolySkeleton_TexturesMat/Envieroment_Roughness.tga using Guid(457349562a956544ca2c9d04368373f3) Importer(815301076,1909f56bfc062723c751e8b465ee728b)  -> (artifact id: 'a4e781d335eded5b83c726362adb5df9') in 0.014504 seconds 
  Import took 0.037796 seconds .

========================================================================
Received Import Request.
  Time since last request: 0.000241 seconds.
  path: Assets/LowPolySkeleton/LowPolySkeleton_TexturesMat/Mat_LPSkeleton_Background.mat
  artifactKey: Guid(eadf0fb67df864244ab648c68b5dcf70) Importer(815301076,1909f56bfc062723c751e8b465ee728b)
Start importing Assets/LowPolySkeleton/LowPolySkeleton_TexturesMat/Mat_LPSkeleton_Background.mat using Guid(eadf0fb67df864244ab648c68b5dcf70) Importer(815301076,1909f56bfc062723c751e8b465ee728b)  -> (artifact id: 'ddfc9a4b2b68fbf87c090baccbb9ffaf') in 0.024543 seconds 
  Import took 0.039284 seconds .

========================================================================
Received Import Request.
  Time since last request: 0.000224 seconds.
  path: Assets/LowPolySkeleton/LowPolySkeleton_TexturesMat/Skeleton_BaseColor.tga
  artifactKey: Guid(f88b3e96ee2722349b8ee91aa1737755) Importer(815301076,1909f56bfc062723c751e8b465ee728b)
Start importing Assets/LowPolySkeleton/LowPolySkeleton_TexturesMat/Skeleton_BaseColor.tga using Guid(f88b3e96ee2722349b8ee91aa1737755) Importer(815301076,1909f56bfc062723c751e8b465ee728b)  -> (artifact id: '0404c766a89bb589adba5b3587b5de98') in 0.017388 seconds 
  Import took 0.067322 seconds .

========================================================================
Received Import Request.
  Time since last request: 0.000213 seconds.
  path: Assets/LowPolySkeleton/LowPolySkeleton_TexturesMat/Skeleton_AmbientOcclusion.tga
  artifactKey: Guid(d91b07b23bf2aee4f9b84acef8a7fb53) Importer(815301076,1909f56bfc062723c751e8b465ee728b)
Start importing Assets/LowPolySkeleton/LowPolySkeleton_TexturesMat/Skeleton_AmbientOcclusion.tga using Guid(d91b07b23bf2aee4f9b84acef8a7fb53) Importer(815301076,1909f56bfc062723c751e8b465ee728b)  -> (artifact id: 'd3ee4e9c61e25b7defe5084e6a4abb18') in 0.016184 seconds 
  Import took 0.028822 seconds .

========================================================================
Received Import Request.
  Time since last request: 0.000210 seconds.
  path: Assets/LowPolySkeleton/LowPolySkeleton_TexturesMat/Mat_LowPolySkeleton.mat
  artifactKey: Guid(bbed247f65548b541a47512545b9e62c) Importer(815301076,1909f56bfc062723c751e8b465ee728b)
Start importing Assets/LowPolySkeleton/LowPolySkeleton_TexturesMat/Mat_LowPolySkeleton.mat using Guid(bbed247f65548b541a47512545b9e62c) Importer(815301076,1909f56bfc062723c751e8b465ee728b)  -> (artifact id: '680da57286ecc174802e125dac4be4e3') in 0.028279 seconds 
  Import took 0.039918 seconds .

========================================================================
Received Import Request.
  Time since last request: 0.000208 seconds.
  path: Assets/LowPolySkeleton/LowPolySkeleton_TexturesMat/Mat_LPSkeleton_Envieroment.mat
  artifactKey: Guid(c265b85fa72d2074eacf24953ce4759d) Importer(815301076,1909f56bfc062723c751e8b465ee728b)
Start importing Assets/LowPolySkeleton/LowPolySkeleton_TexturesMat/Mat_LPSkeleton_Envieroment.mat using Guid(c265b85fa72d2074eacf24953ce4759d) Importer(815301076,1909f56bfc062723c751e8b465ee728b)  -> (artifact id: '353a89e283355e10157642cf4f5f906f') in 0.023010 seconds 
  Import took 0.043830 seconds .

========================================================================
Received Import Request.
  Time since last request: 0.011915 seconds.
  path: Assets/LowPolySkeleton/LowPolySkeleton_TexturesMat/Skeleton_MetallicSmoothness.tga
  artifactKey: Guid(1f8a26715890d4040839609e9e75f735) Importer(815301076,1909f56bfc062723c751e8b465ee728b)
Start importing Assets/LowPolySkeleton/LowPolySkeleton_TexturesMat/Skeleton_MetallicSmoothness.tga using Guid(1f8a26715890d4040839609e9e75f735) Importer(815301076,1909f56bfc062723c751e8b465ee728b)  -> (artifact id: 'c9c2e10d89424a71ca1c3bdb5fa7433a') in 0.013259 seconds 
  Import took 0.027762 seconds .

========================================================================
Received Import Request.
  Time since last request: 0.000206 seconds.
  path: Assets/LowPolySkeleton/LowPolySkeleton_TexturesMat/Skeleton_NormalOpenGL.tga
  artifactKey: Guid(a6cb3fd8b0ca82245bc371586d3e64f3) Importer(815301076,1909f56bfc062723c751e8b465ee728b)
Start importing Assets/LowPolySkeleton/LowPolySkeleton_TexturesMat/Skeleton_NormalOpenGL.tga using Guid(a6cb3fd8b0ca82245bc371586d3e64f3) Importer(815301076,1909f56bfc062723c751e8b465ee728b)  -> (artifact id: '3abc52d657308fafcbd97876e3aa80c3') in 0.017483 seconds 
  Import took 0.046931 seconds .

========================================================================
Received Import Request.
  Time since last request: 0.000193 seconds.
  path: Assets/LowPolySkeleton/LowPolySkeleton_TexturesMat/Skeleton_Roughness.tga
  artifactKey: Guid(02406d9c697d42e42a8611b7fcc6fb77) Importer(815301076,1909f56bfc062723c751e8b465ee728b)
Start importing Assets/LowPolySkeleton/LowPolySkeleton_TexturesMat/Skeleton_Roughness.tga using Guid(02406d9c697d42e42a8611b7fcc6fb77) Importer(815301076,1909f56bfc062723c751e8b465ee728b)  -> (artifact id: '9f7182c857ee4390b54fae22e1e10209') in 0.017802 seconds 
  Import took 0.036639 seconds .

========================================================================
Received Import Request.
  Time since last request: 15.080433 seconds.
  path: Assets/LowPolySkeleton/LowPolySkeleton_PropsPrefabs/Lattice.prefab
  artifactKey: Guid(c9bed6e3b61378d45a395484fd7b07eb) Importer(815301076,1909f56bfc062723c751e8b465ee728b)
Start importing Assets/LowPolySkeleton/LowPolySkeleton_PropsPrefabs/Lattice.prefab using Guid(c9bed6e3b61378d45a395484fd7b07eb) Importer(815301076,1909f56bfc062723c751e8b465ee728b)  -> (artifact id: '6a38d861486a98b26a09b67a42f7b57d') in 0.022791 seconds 
  Import took 0.068798 seconds .

========================================================================
Received Import Request.
  Time since last request: 0.000238 seconds.
  path: Assets/LowPolySkeleton/LowPolySkeleton_PropsPrefabs/LowPolySkeleton_Mace.prefab
  artifactKey: Guid(8639feff15b70a14aa5fcbf5612474d6) Importer(815301076,1909f56bfc062723c751e8b465ee728b)
Start importing Assets/LowPolySkeleton/LowPolySkeleton_PropsPrefabs/LowPolySkeleton_Mace.prefab using Guid(8639feff15b70a14aa5fcbf5612474d6) Importer(815301076,1909f56bfc062723c751e8b465ee728b)  -> (artifact id: '06b1108cd5f66a1914cc514a3593bafa') in 0.050643 seconds 
  Import took 0.076785 seconds .

========================================================================
Received Import Request.
  Time since last request: 0.000179 seconds.
  path: Assets/LowPolySkeleton/LowPolySkeleton_PropsPrefabs/WeaponRack.prefab
  artifactKey: Guid(55b28f28d19fd8b44aca481663a2af7c) Importer(815301076,1909f56bfc062723c751e8b465ee728b)
Start importing Assets/LowPolySkeleton/LowPolySkeleton_PropsPrefabs/WeaponRack.prefab using Guid(55b28f28d19fd8b44aca481663a2af7c) Importer(815301076,1909f56bfc062723c751e8b465ee728b)  -> (artifact id: 'ecfdeaa36128e4870bfb06a0447b72d5') in 0.026021 seconds 
  Import took 0.046021 seconds .

========================================================================
Received Import Request.
  Time since last request: 0.000175 seconds.
  path: Assets/LowPolySkeleton/LowPolySkeleton_PropsPrefabs/Torch.prefab
  artifactKey: Guid(aaced6bca3a24ab4c8ba374a26c59214) Importer(815301076,1909f56bfc062723c751e8b465ee728b)
Start importing Assets/LowPolySkeleton/LowPolySkeleton_PropsPrefabs/Torch.prefab using Guid(aaced6bca3a24ab4c8ba374a26c59214) Importer(815301076,1909f56bfc062723c751e8b465ee728b)  -> (artifact id: '8ad293a2811739b0d44d4a41250c76ec') in 0.024391 seconds 
  Import took 0.048470 seconds .

========================================================================
Received Import Request.
  Time since last request: 0.000231 seconds.
  path: Assets/LowPolySkeleton/LowPolySkeleton_PropsPrefabs/Shackles.prefab
  artifactKey: Guid(32070df97f9f7a94a9bcdc84a078f0c0) Importer(815301076,1909f56bfc062723c751e8b465ee728b)
Start importing Assets/LowPolySkeleton/LowPolySkeleton_PropsPrefabs/Shackles.prefab using Guid(32070df97f9f7a94a9bcdc84a078f0c0) Importer(815301076,1909f56bfc062723c751e8b465ee728b)  -> (artifact id: 'ec0ddfe4d1afffc13516b4daef6d354e') in 0.023399 seconds 
  Import took 0.050368 seconds .

========================================================================
Received Import Request.
  Time since last request: 6.397678 seconds.
  path: Assets/Scenes/WinterFell/NavMesh.asset
  artifactKey: Guid(ea3a2219ae0ff7b4bb36bacacb951be9) Importer(815301076,1909f56bfc062723c751e8b465ee728b)
Start importing Assets/Scenes/WinterFell/NavMesh.asset using Guid(ea3a2219ae0ff7b4bb36bacacb951be9) Importer(815301076,1909f56bfc062723c751e8b465ee728b)  -> (artifact id: 'fc1a4f66de6cd34a0b577e0257d45807') in 0.006823 seconds 
  Import took 0.105858 seconds .

AssetImportWorkerClient::OnTransportError - code=2 error=End of file
